============================= test session starts =============================
platform win32 -- Python 3.13.13, pytest-9.0.2, pluggy-1.6.0 -- D:\dev\SimpleTraderV3\.venv\Scripts\python.exe
cachedir: .pytest_cache
rootdir: D:\dev\SimpleTraderV3
configfile: pyproject.toml
plugins: anyio-4.12.1, asyncio-1.3.0, cov-7.0.0, xdist-3.8.0
asyncio: mode=Mode.STRICT, debug=False, asyncio_default_fixture_loop_scope=None, asyncio_default_test_loop_scope=function
created: 16/16 workers
16 workers [2215 items]

scheduling tests via LoadScheduling

tests/mcp_server/unit/adapters/test_git_adapter.py::TestGitAdapterHardResetAndForcePush::test_hard_reset_raises_execution_error_on_failure 
tests/mcp_server/unit/adapters/test_git_adapter.py::TestGitAdapterCheckout::test_checkout_existing_branch 
tests/mcp_server/unit/config/test_artifact_registry_config.py::TestArtifactDefinitionValidation::test_type_id_must_be_lowercase 
tests/mcp_server/unit/adapters/test_github_adapter.py::test_list_prs_filter_head 
tests/mcp_server/unit/config/test_contracts_config.py::TestContractsConfigValidateTransition::test_unknown_phase_raises_with_available_list 
tests/mcp_server/unit/config/test_label_config.py::TestLabelConfigLoading::test_load_missing_version_field 
tests/mcp_server/unit/config/test_issue_config.py::TestIssueConfigGetWorkflow::test_get_workflow_feature 
tests/mcp_server/unit/config/test_label_config.py::TestGitHubSync::test_sync_partial_success 
tests/mcp_server/unit/config/test_quality_config.py::TestArtifactLoggingConfig::test_artifact_logging_missing_output_dir_raises_config_error 
tests/mcp_server/unit/config/test_loader_behaviors.py::test_normalize_config_root_handles_workspace_and_st3_paths 
tests/mcp_server/unit/config/test_quality_config_scope.py::TestScopeFiltering::test_windows_paths_normalized_to_posix 
tests/mcp_server/unit/config/test_template_config.py::TestGetTemplateRoot::test_returns_default_template_root_when_no_env_var 
tests/mcp_server/unit/integration/test_fs_status.py::test_fs_adapter_read_write 
tests/mcp_server/unit/core/test_exceptions.py::test_mcp_error_base_contract 
tests/mcp_server/unit/core/test_tool_error_handler_c4.py::TestToolErrorHandlerC4::test_config_error_preserves_file_path 
tests/mcp_server/unit/config/test_violation_dto.py::TestViolationDTODefaults::test_severity_defaults_to_none 
[gw4] [  0%] PASSED tests/mcp_server/unit/config/test_contracts_config.py::TestContractsConfigValidateTransition::test_unknown_phase_raises_with_available_list 
[gw3] [  0%] PASSED tests/mcp_server/unit/config/test_artifact_registry_config.py::TestArtifactDefinitionValidation::test_type_id_must_be_lowercase 
[gw14] [  0%] PASSED tests/mcp_server/unit/config/test_violation_dto.py::TestViolationDTODefaults::test_severity_defaults_to_none 
[gw15] [  0%] PASSED tests/mcp_server/unit/core/test_exceptions.py::test_mcp_error_base_contract 
[gw12] [  0%] PASSED tests/mcp_server/unit/config/test_quality_config_scope.py::TestScopeFiltering::test_windows_paths_normalized_to_posix 
[gw0] [  0%] PASSED tests/mcp_server/unit/adapters/test_git_adapter.py::TestGitAdapterCheckout::test_checkout_existing_branch 
tests/mcp_server/unit/config/test_workflow_config.py::TestWorkflowConfigLoading::test_load_valid_yaml 
tests/mcp_server/unit/core/test_exceptions.py::test_mcp_error_default_code 
tests/mcp_server/unit/config/test_contracts_config.py::TestImportPaths::test_14_old_import_path_raises_import_error 
[gw2] [  0%] PASSED tests/mcp_server/unit/adapters/test_github_adapter.py::test_list_prs_filter_head 
tests/mcp_server/unit/config/test_artifact_registry_config.py::TestArtifactDefinitionValidation::test_initial_state_must_be_in_states 
tests/mcp_server/unit/config/test_scaffold_metadata_config.py::TestCommentPattern::test_valid_hash_pattern 
[gw13] [  0%] PASSED tests/mcp_server/unit/config/test_template_config.py::TestGetTemplateRoot::test_returns_default_template_root_when_no_env_var 
tests/mcp_server/unit/adapters/test_github_adapter.py::test_list_prs_error 
[gw1] [  0%] PASSED tests/mcp_server/unit/adapters/test_git_adapter.py::TestGitAdapterHardResetAndForcePush::test_hard_reset_raises_execution_error_on_failure 
[gw15] [  0%] PASSED tests/mcp_server/unit/core/test_exceptions.py::test_mcp_error_default_code 
[gw3] [  0%] PASSED tests/mcp_server/unit/config/test_artifact_registry_config.py::TestArtifactDefinitionValidation::test_initial_state_must_be_in_states 
tests/mcp_server/unit/adapters/test_git_adapter.py::TestGitAdapterCheckout::test_checkout_nonexistent_branch_raises_error 
tests/mcp_server/unit/config/test_template_config.py::TestGetTemplateRoot::test_returns_absolute_path 
[gw12] [  0%] PASSED tests/mcp_server/unit/config/test_scaffold_metadata_config.py::TestCommentPattern::test_valid_hash_pattern 
tests/mcp_server/unit/core/test_exceptions.py::test_config_error_with_file_path 
[gw15] [  0%] PASSED tests/mcp_server/unit/core/test_exceptions.py::test_config_error_with_file_path 
[gw4] [  0%] PASSED tests/mcp_server/unit/config/test_contracts_config.py::TestImportPaths::test_14_old_import_path_raises_import_error 
[gw0] [  0%] PASSED tests/mcp_server/unit/adapters/test_git_adapter.py::TestGitAdapterCheckout::test_checkout_nonexistent_branch_raises_error 
tests/mcp_server/unit/adapters/test_git_adapter.py::TestGitAdapterCheckout::test_checkout_remote_only_branch 
tests/mcp_server/unit/core/test_exceptions.py::test_config_error_without_file_path 
tests/mcp_server/unit/config/test_contracts_config.py::TestImportPaths::test_new_module_path_exports_all_public_symbols 
tests/mcp_server/unit/adapters/test_git_adapter.py::TestGitAdapterHardResetAndForcePush::test_force_push_with_lease_calls_git_push 
tests/mcp_server/unit/config/test_scaffold_metadata_config.py::TestCommentPattern::test_valid_double_slash_pattern 
[gw2] [  0%] PASSED tests/mcp_server/unit/adapters/test_github_adapter.py::test_list_prs_error 
tests/mcp_server/unit/adapters/test_github_adapter.py::test_create_issue_with_labels_assignees_milestone 
[gw13] [  0%] PASSED tests/mcp_server/unit/config/test_template_config.py::TestGetTemplateRoot::test_returns_absolute_path 
[gw6] [  0%] PASSED tests/mcp_server/unit/core/test_tool_error_handler_c4.py::TestToolErrorHandlerC4::test_config_error_preserves_file_path 
tests/mcp_server/unit/core/test_tool_error_handler_c4.py::TestToolErrorHandlerC4::test_mcp_error_base_class 
[gw4] [  0%] PASSED tests/mcp_server/unit/config/test_contracts_config.py::TestImportPaths::test_new_module_path_exports_all_public_symbols 
tests/mcp_server/unit/config/test_contracts_loader.py::TestLoadContractsConfig::test_returns_contracts_config_instance 
[gw12] [  0%] PASSED tests/mcp_server/unit/config/test_scaffold_metadata_config.py::TestCommentPattern::test_valid_double_slash_pattern 
tests/mcp_server/unit/config/test_scaffold_metadata_config.py::TestCommentPattern::test_invalid_syntax_fails 
[gw12] [  0%] PASSED tests/mcp_server/unit/config/test_scaffold_metadata_config.py::TestCommentPattern::test_invalid_syntax_fails 
tests/mcp_server/unit/config/test_artifact_registry_config.py::TestArtifactRegistryConfigMethods::test_get_artifact_by_type_id 
tests/mcp_server/unit/config/test_template_config.py::TestGetTemplateRoot::test_uses_template_root_env_var_when_set 
[gw15] [  0%] PASSED tests/mcp_server/unit/core/test_exceptions.py::test_config_error_without_file_path 
tests/mcp_server/unit/core/test_exceptions.py::test_validation_error 
[gw7] [  1%] PASSED tests/mcp_server/unit/config/test_label_config.py::TestLabelConfigLoading::test_load_missing_version_field 
[gw1] [  1%] PASSED tests/mcp_server/unit/adapters/test_git_adapter.py::TestGitAdapterHardResetAndForcePush::test_force_push_with_lease_calls_git_push 
tests/mcp_server/unit/config/test_scaffold_metadata_config.py::TestCommentPattern::test_empty_prefix_fails 
[gw12] [  1%] PASSED tests/mcp_server/unit/config/test_scaffold_metadata_config.py::TestCommentPattern::test_empty_prefix_fails 
tests/mcp_server/unit/config/test_scaffold_metadata_config.py::TestCommentPattern::test_invalid_regex_pattern_fails 
[gw15] [  1%] PASSED tests/mcp_server/unit/core/test_exceptions.py::test_validation_error 
tests/mcp_server/unit/core/test_exceptions.py::test_preflight_error 
tests/mcp_server/unit/config/test_label_config.py::TestLabelConfigLoading::test_load_missing_labels_field 
[gw0] [  1%] PASSED tests/mcp_server/unit/adapters/test_git_adapter.py::TestGitAdapterCheckout::test_checkout_remote_only_branch 
[gw11] [  1%] PASSED tests/mcp_server/unit/config/test_quality_config.py::TestArtifactLoggingConfig::test_artifact_logging_missing_output_dir_raises_config_error 
tests/mcp_server/unit/config/test_quality_config.py::TestArtifactLoggingConfig::test_gate1_formatting_loads_from_yaml 
[gw2] [  1%] PASSED tests/mcp_server/unit/adapters/test_github_adapter.py::test_create_issue_with_labels_assignees_milestone 
[gw15] [  1%] PASSED tests/mcp_server/unit/core/test_exceptions.py::test_preflight_error 
tests/mcp_server/unit/core/test_exceptions.py::test_execution_error 
tests/mcp_server/unit/adapters/test_git_adapter.py::TestGitAdapterCheckout::test_checkout_strips_origin_prefix 
tests/mcp_server/unit/adapters/test_git_adapter.py::TestGitAdapterHardResetAndForcePush::test_force_push_with_lease_raises_execution_error_on_failure 
[gw12] [  1%] PASSED tests/mcp_server/unit/config/test_scaffold_metadata_config.py::TestCommentPattern::test_invalid_regex_pattern_fails 
[gw6] [  1%] PASSED tests/mcp_server/unit/core/test_tool_error_handler_c4.py::TestToolErrorHandlerC4::test_mcp_error_base_class 
[gw15] [  1%] PASSED tests/mcp_server/unit/core/test_exceptions.py::test_execution_error 
[gw9] [  1%] PASSED tests/mcp_server/unit/config/test_loader_behaviors.py::test_normalize_config_root_handles_workspace_and_st3_paths 
tests/mcp_server/unit/config/test_scaffold_metadata_config.py::TestMetadataField::test_valid_template_field 
tests/mcp_server/unit/core/test_exceptions.py::test_system_error 
[gw1] [  1%] PASSED tests/mcp_server/unit/adapters/test_git_adapter.py::TestGitAdapterHardResetAndForcePush::test_force_push_with_lease_raises_execution_error_on_failure 
tests/mcp_server/unit/config/test_loader_behaviors.py::test_resolve_config_root_uses_preferred_workspace_root 
tests/mcp_server/unit/core/test_tool_error_handler_c4.py::TestToolErrorHandlerC4::test_value_error_handled 
[gw14] [  1%] PASSED tests/mcp_server/unit/config/test_workflow_config.py::TestWorkflowConfigLoading::test_load_valid_yaml 
tests/mcp_server/unit/config/test_workflow_config.py::TestWorkflowConfigLoading::test_load_missing_file 
tests/mcp_server/unit/adapters/test_github_adapter.py::test_create_issue_milestone_not_found 
[gw0] [  1%] PASSED tests/mcp_server/unit/adapters/test_git_adapter.py::TestGitAdapterCheckout::test_checkout_strips_origin_prefix 
tests/mcp_server/unit/adapters/test_git_adapter_neutralize_to_base.py::TestNeutralizeToBaseAbsentPath::test_absent_path_removed_from_worktree_after_neutralize 
[gw10] [  1%] PASSED tests/mcp_server/unit/integration/test_fs_status.py::test_fs_adapter_read_write 
[gw12] [  1%] PASSED tests/mcp_server/unit/config/test_scaffold_metadata_config.py::TestMetadataField::test_valid_template_field 
tests/mcp_server/unit/config/test_scaffold_metadata_config.py::TestMetadataField::test_valid_timestamp_field 
[gw6] [  1%] PASSED tests/mcp_server/unit/core/test_tool_error_handler_c4.py::TestToolErrorHandlerC4::test_value_error_handled 
tests/mcp_server/unit/adapters/test_git_adapter.py::TestGitAdapterCheckout::test_checkout_no_origin_remote 
tests/mcp_server/unit/integration/test_fs_status.py::test_fs_adapter_security 
[gw15] [  1%] PASSED tests/mcp_server/unit/core/test_exceptions.py::test_system_error 
[gw2] [  1%] PASSED tests/mcp_server/unit/adapters/test_github_adapter.py::test_create_issue_milestone_not_found 
[gw8] [  1%] PASSED tests/mcp_server/unit/config/test_label_config.py::TestGitHubSync::test_sync_partial_success 
[gw7] [  1%] PASSED tests/mcp_server/unit/config/test_label_config.py::TestLabelConfigLoading::test_load_missing_labels_field 
tests/mcp_server/unit/core/test_tool_error_handler_c4.py::TestToolErrorHandlerC4::test_tool_result_model_has_no_hints_field 
[gw12] [  2%] PASSED tests/mcp_server/unit/config/test_scaffold_metadata_config.py::TestMetadataField::test_valid_timestamp_field 
tests/mcp_server/unit/config/test_scaffold_metadata_config.py::TestMetadataField::test_optional_path_field 
tests/mcp_server/unit/core/test_exceptions.py::test_exception_inheritance 
[gw15] [  2%] PASSED tests/mcp_server/unit/core/test_exceptions.py::test_exception_inheritance 
tests/mcp_server/unit/core/test_exceptions.py::test_exception_catchable_as_base 
[gw15] [  2%] PASSED tests/mcp_server/unit/core/test_exceptions.py::test_exception_catchable_as_base 
tests/mcp_server/unit/adapters/test_github_adapter.py::test_create_issue_error 
tests/mcp_server/unit/config/test_label_config.py::TestGitHubSync::test_sync_empty_labels_list 
[gw6] [  2%] PASSED tests/mcp_server/unit/core/test_tool_error_handler_c4.py::TestToolErrorHandlerC4::test_tool_result_model_has_no_hints_field 
[gw12] [  2%] PASSED tests/mcp_server/unit/config/test_scaffold_metadata_config.py::TestMetadataField::test_optional_path_field 
[gw0] [  2%] PASSED tests/mcp_server/unit/adapters/test_git_adapter.py::TestGitAdapterCheckout::test_checkout_no_origin_remote 
tests/mcp_server/unit/core/test_logging.py::test_structured_formatter 
[gw5] [  2%] PASSED tests/mcp_server/unit/config/test_issue_config.py::TestIssueConfigGetWorkflow::test_get_workflow_feature 
tests/mcp_server/unit/config/test_issue_config.py::TestIssueConfigGetWorkflow::test_get_workflow_hotfix 
[gw13] [  2%] PASSED tests/mcp_server/unit/config/test_template_config.py::TestGetTemplateRoot::test_uses_template_root_env_var_when_set 
[gw3] [  2%] PASSED tests/mcp_server/unit/config/test_artifact_registry_config.py::TestArtifactRegistryConfigMethods::test_get_artifact_by_type_id 
tests/mcp_server/unit/config/test_artifact_registry_config.py::TestArtifactRegistryConfigMethods::test_get_artifact_not_found 
tests/mcp_server/unit/config/test_label_config.py::TestLabelConfigLoading::test_load_invalid_color_in_yaml 
tests/mcp_server/unit/core/test_tool_error_handler_c4.py::TestToolErrorHandlerC4::test_exception_constructors_reject_hints_kwarg 
[gw4] [  2%] PASSED tests/mcp_server/unit/config/test_contracts_loader.py::TestLoadContractsConfig::test_returns_contracts_config_instance 
tests/mcp_server/unit/config/test_scaffold_metadata_config.py::TestMetadataField::test_invalid_name_fails 
tests/mcp_server/unit/adapters/test_git_adapter.py::TestGitAdapterCheckout::test_checkout_branch_missing_everywhere 
[gw15] [  2%] PASSED tests/mcp_server/unit/core/test_logging.py::test_structured_formatter 
tests/mcp_server/unit/core/test_logging.py::test_get_logger 
tests/mcp_server/unit/config/test_template_config.py::TestGetTemplateRoot::test_resolves_relative_env_var_to_absolute 
[gw10] [  2%] PASSED tests/mcp_server/unit/integration/test_fs_status.py::test_fs_adapter_security 
[gw6] [  2%] PASSED tests/mcp_server/unit/core/test_tool_error_handler_c4.py::TestToolErrorHandlerC4::test_exception_constructors_reject_hints_kwarg 
tests/mcp_server/unit/config/test_contracts_loader.py::TestLoadContractsConfig::test_feature_workflow_research_first_ready_last 
[gw12] [  2%] PASSED tests/mcp_server/unit/config/test_scaffold_metadata_config.py::TestMetadataField::test_invalid_name_fails 
tests/mcp_server/unit/config/test_scaffold_metadata_config.py::TestMetadataField::test_invalid_regex_fails 
[gw15] [  2%] PASSED tests/mcp_server/unit/core/test_logging.py::test_get_logger 
tests/mcp_server/unit/core/test_logging.py::test_setup_logging_writes_audit_log 
[gw0] [  2%] PASSED tests/mcp_server/unit/adapters/test_git_adapter.py::TestGitAdapterCheckout::test_checkout_branch_missing_everywhere 
tests/mcp_server/unit/adapters/test_git_adapter.py::TestGitAdapterPush::test_push_to_origin 
tests/mcp_server/unit/core/test_validation_error_enhancement.py::TestValidationErrorEnhancement::test_to_resource_dict_includes_schema 
[gw6] [  2%] PASSED tests/mcp_server/unit/core/test_validation_error_enhancement.py::TestValidationErrorEnhancement::test_to_resource_dict_includes_schema 
tests/mcp_server/unit/core/test_validation_error_enhancement.py::TestValidationErrorEnhancement::test_to_resource_dict_includes_validation 
[gw14] [  2%] PASSED tests/mcp_server/unit/config/test_workflow_config.py::TestWorkflowConfigLoading::test_load_missing_file 
[gw12] [  2%] PASSED tests/mcp_server/unit/config/test_scaffold_metadata_config.py::TestMetadataField::test_invalid_regex_fails 
tests/mcp_server/unit/integration/test_fs_status.py::test_status_resource 
[gw9] [  2%] PASSED tests/mcp_server/unit/config/test_loader_behaviors.py::test_resolve_config_root_uses_preferred_workspace_root 
tests/mcp_server/unit/config/test_workflow_config.py::TestWorkflowConfigLoading::test_load_default_path_missing 
[gw2] [  2%] PASSED tests/mcp_server/unit/adapters/test_github_adapter.py::test_create_issue_error 
tests/mcp_server/unit/adapters/test_github_adapter.py::test_update_issue_all_fields 
tests/mcp_server/unit/config/test_loader_behaviors.py::test_resolve_config_root_returns_explicit_root_when_required_files_exist 
[gw7] [  2%] PASSED tests/mcp_server/unit/config/test_label_config.py::TestLabelConfigLoading::test_load_invalid_color_in_yaml 
[gw10] [  3%] PASSED tests/mcp_server/unit/integration/test_fs_status.py::test_status_resource 
[gw6] [  3%] PASSED tests/mcp_server/unit/core/test_validation_error_enhancement.py::TestValidationErrorEnhancement::test_to_resource_dict_includes_validation 
tests/mcp_server/unit/config/test_scaffold_metadata_config.py::TestMetadataField::test_invalid_regex_pattern_fails 
[gw8] [  3%] PASSED tests/mcp_server/unit/config/test_label_config.py::TestGitHubSync::test_sync_empty_labels_list 
tests/mcp_server/unit/config/test_label_config.py::TestLabelConfigLoading::test_load_duplicate_label_names 
tests/mcp_server/unit/config/test_label_config.py::TestGitHubSync::test_sync_result_format 
[gw12] [  3%] PASSED tests/mcp_server/unit/config/test_scaffold_metadata_config.py::TestMetadataField::test_invalid_regex_pattern_fails 
[gw0] [  3%] PASSED tests/mcp_server/unit/adapters/test_git_adapter.py::TestGitAdapterPush::test_push_to_origin 
tests/mcp_server/unit/adapters/test_git_adapter.py::TestGitAdapterPush::test_push_with_set_upstream 
tests/mcp_server/unit/core/test_validation_error_enhancement.py::TestValidationErrorEnhancement::test_to_resource_dict_handles_none_schema 
[gw6] [  3%] PASSED tests/mcp_server/unit/core/test_validation_error_enhancement.py::TestValidationErrorEnhancement::test_to_resource_dict_handles_none_schema 
tests/mcp_server/unit/config/test_scaffold_metadata_config.py::TestScaffoldMetadataConfig::test_load_from_valid_yaml 
[gw2] [  3%] PASSED tests/mcp_server/unit/adapters/test_github_adapter.py::test_update_issue_all_fields 
tests/mcp_server/unit/adapters/test_github_adapter.py::test_update_issue_milestone_error 
tests/mcp_server/unit/integration/test_git.py::test_git_manager_create_branch_valid 
[gw11] [  3%] PASSED tests/mcp_server/unit/config/test_quality_config.py::TestArtifactLoggingConfig::test_gate1_formatting_loads_from_yaml 
[gw14] [  3%] PASSED tests/mcp_server/unit/config/test_workflow_config.py::TestWorkflowConfigLoading::test_load_default_path_missing 
tests/mcp_server/unit/integration/test_all_tools.py::TestGitToolsIntegration::test_create_branch_tool_flow 
tests/mcp_server/unit/config/test_quality_config.py::TestArtifactLoggingConfig::test_gate2_imports_loads_from_yaml 
[gw13] [  3%] PASSED tests/mcp_server/unit/config/test_template_config.py::TestGetTemplateRoot::test_resolves_relative_env_var_to_absolute 
[gw0] [  3%] PASSED tests/mcp_server/unit/adapters/test_git_adapter.py::TestGitAdapterPush::test_push_with_set_upstream 
tests/mcp_server/unit/config/test_workflow_config.py::TestWorkflowConfigLoading::test_load_invalid_yaml 
tests/mcp_server/unit/config/test_template_config.py::TestGetTemplateRoot::test_raises_filenotfound_when_env_var_path_missing 
tests/mcp_server/unit/adapters/test_git_adapter.py::TestGitAdapterPush::test_push_no_remote_raises_error 
[gw3] [  3%] PASSED tests/mcp_server/unit/config/test_artifact_registry_config.py::TestArtifactRegistryConfigMethods::test_get_artifact_not_found 
[gw9] [  3%] PASSED tests/mcp_server/unit/config/test_loader_behaviors.py::test_resolve_config_root_returns_explicit_root_when_required_files_exist 
[gw8] [  3%] PASSED tests/mcp_server/unit/config/test_label_config.py::TestGitHubSync::test_sync_result_format 
[gw5] [  3%] PASSED tests/mcp_server/unit/config/test_issue_config.py::TestIssueConfigGetWorkflow::test_get_workflow_hotfix 
tests/mcp_server/unit/config/test_issue_config.py::TestIssueConfigGetWorkflow::test_get_workflow_chore_maps_to_feature_workflow 
[gw2] [  3%] PASSED tests/mcp_server/unit/adapters/test_github_adapter.py::test_update_issue_milestone_error 
tests/mcp_server/unit/adapters/test_github_adapter.py::test_update_issue_error 
[gw2] [  3%] PASSED tests/mcp_server/unit/adapters/test_github_adapter.py::test_update_issue_error 
[gw6] [  3%] PASSED tests/mcp_server/unit/integration/test_all_tools.py::TestGitToolsIntegration::test_create_branch_tool_flow 
tests/mcp_server/unit/config/test_label_config.py::TestGitHubSync::test_needs_update_color_differs 
tests/mcp_server/unit/config/test_loader_behaviors.py::test_resolve_config_root_raises_for_missing_required_file_in_explicit_root 
[gw13] [  3%] PASSED tests/mcp_server/unit/config/test_template_config.py::TestGetTemplateRoot::test_raises_filenotfound_when_env_var_path_missing 
[gw10] [  3%] PASSED tests/mcp_server/unit/integration/test_git.py::test_git_manager_create_branch_valid 
tests/mcp_server/unit/adapters/test_github_adapter.py::test_list_issues_with_labels 
tests/mcp_server/unit/integration/test_git.py::test_git_manager_create_branch_epic_valid 
tests/mcp_server/unit/config/test_template_config.py::TestGetTemplateRoot::test_uses_package_template_root_when_workspace_default_missing 
[gw7] [  3%] PASSED tests/mcp_server/unit/config/test_label_config.py::TestLabelConfigLoading::test_load_duplicate_label_names 
tests/mcp_server/unit/integration/test_all_tools.py::TestGitToolsIntegration::test_git_status_tool_flow 
[gw0] [  3%] PASSED tests/mcp_server/unit/adapters/test_git_adapter.py::TestGitAdapterPush::test_push_no_remote_raises_error 
tests/mcp_server/unit/config/test_artifact_registry_config.py::TestArtifactRegistryConfigMethods::test_list_type_ids_all 
tests/mcp_server/unit/adapters/test_git_adapter.py::TestGitAdapterMerge::test_merge_branch 
tests/mcp_server/unit/config/test_label_config.py::TestLabelConfigLoading::test_load_singleton_pattern 
[gw10] [  4%] PASSED tests/mcp_server/unit/integration/test_git.py::test_git_manager_create_branch_epic_valid 
tests/mcp_server/unit/integration/test_git.py::test_git_manager_create_branch_dirty 
[gw2] [  4%] PASSED tests/mcp_server/unit/adapters/test_github_adapter.py::test_list_issues_with_labels 
[gw15] [  4%] PASSED tests/mcp_server/unit/core/test_logging.py::test_setup_logging_writes_audit_log 
tests/mcp_server/unit/core/test_logging.py::test_setup_logging_creates_parent_dir 
tests/mcp_server/unit/adapters/test_github_adapter.py::test_create_pr_error 
[gw0] [  4%] PASSED tests/mcp_server/unit/adapters/test_git_adapter.py::TestGitAdapterMerge::test_merge_branch 
[gw8] [  4%] PASSED tests/mcp_server/unit/config/test_label_config.py::TestGitHubSync::test_needs_update_color_differs 
[gw6] [  4%] PASSED tests/mcp_server/unit/integration/test_all_tools.py::TestGitToolsIntegration::test_git_status_tool_flow 
tests/mcp_server/unit/adapters/test_git_adapter.py::TestGitAdapterMerge::test_merge_nonexistent_branch_raises_error 
[gw13] [  4%] PASSED tests/mcp_server/unit/config/test_template_config.py::TestGetTemplateRoot::test_uses_package_template_root_when_workspace_default_missing 
[gw12] [  4%] PASSED tests/mcp_server/unit/config/test_scaffold_metadata_config.py::TestScaffoldMetadataConfig::test_load_from_valid_yaml 
[gw9] [  4%] PASSED tests/mcp_server/unit/config/test_loader_behaviors.py::test_resolve_config_root_raises_for_missing_required_file_in_explicit_root 
tests/mcp_server/unit/config/test_label_config.py::TestGitHubSync::test_needs_update_description_differs 
tests/mcp_server/unit/config/test_loader_behaviors.py::test_resolve_config_root_raises_for_nonexistent_explicit_root 
[gw5] [  4%] PASSED tests/mcp_server/unit/config/test_issue_config.py::TestIssueConfigGetWorkflow::test_get_workflow_chore_maps_to_feature_workflow 
tests/mcp_server/unit/config/test_scaffold_metadata_config.py::TestScaffoldMetadataConfig::test_get_pattern_by_syntax 
[gw10] [  4%] PASSED tests/mcp_server/unit/integration/test_git.py::test_git_manager_create_branch_dirty 
[gw2] [  4%] PASSED tests/mcp_server/unit/adapters/test_github_adapter.py::test_create_pr_error 
tests/mcp_server/unit/config/test_template_config.py::TestGetTemplateRoot::test_resolves_symlinks_in_env_var_path 
tests/mcp_server/unit/integration/test_all_tools.py::TestGitToolsIntegration::test_git_commit_tool_flow 
tests/mcp_server/unit/config/test_issue_config.py::TestIssueConfigGetWorkflow::test_get_workflow_raises_on_unknown_type 
[gw4] [  4%] PASSED tests/mcp_server/unit/config/test_contracts_loader.py::TestLoadContractsConfig::test_feature_workflow_research_first_ready_last 
tests/mcp_server/unit/integration/test_git.py::test_git_manager_invalid_name 
tests/mcp_server/unit/adapters/test_github_adapter.py::test_add_labels_error 
tests/mcp_server/unit/config/test_contracts_loader.py::TestLoadContractsConfig::test_loaded_object_passes_model_validator 
[gw14] [  4%] PASSED tests/mcp_server/unit/config/test_workflow_config.py::TestWorkflowConfigLoading::test_load_invalid_yaml 
[gw3] [  4%] PASSED tests/mcp_server/unit/config/test_artifact_registry_config.py::TestArtifactRegistryConfigMethods::test_list_type_ids_all 
tests/mcp_server/unit/config/test_workflow_config.py::TestWorkflowTemplateValidation::test_invalid_execution_mode_rejected 
tests/mcp_server/unit/config/test_artifact_registry_config.py::TestArtifactRegistryConfigMethods::test_list_type_ids_filtered 
[gw14] [  4%] PASSED tests/mcp_server/unit/config/test_workflow_config.py::TestWorkflowTemplateValidation::test_invalid_execution_mode_rejected 
[gw9] [  4%] PASSED tests/mcp_server/unit/config/test_loader_behaviors.py::test_resolve_config_root_raises_for_nonexistent_explicit_root 
tests/mcp_server/unit/config/test_workflow_config.py::TestWorkflowTemplateValidation::test_extra_field_rejected 
[gw2] [  4%] PASSED tests/mcp_server/unit/adapters/test_github_adapter.py::test_add_labels_error 
tests/mcp_server/unit/config/test_loader_behaviors.py::test_load_enforcement_config_allows_missing_file 
[gw10] [  4%] PASSED tests/mcp_server/unit/integration/test_git.py::test_git_manager_invalid_name 
[gw14] [  4%] PASSED tests/mcp_server/unit/config/test_workflow_config.py::TestWorkflowTemplateValidation::test_extra_field_rejected 
tests/mcp_server/unit/integration/test_git.py::test_git_manager_commit_tdd 
[gw11] [  4%] PASSED tests/mcp_server/unit/config/test_quality_config.py::TestArtifactLoggingConfig::test_gate2_imports_loads_from_yaml 
[gw8] [  4%] PASSED tests/mcp_server/unit/config/test_label_config.py::TestGitHubSync::test_needs_update_description_differs 
[gw6] [  5%] PASSED tests/mcp_server/unit/integration/test_all_tools.py::TestGitToolsIntegration::test_git_commit_tool_flow 
tests/mcp_server/unit/config/test_quality_config.py::TestArtifactLoggingConfig::test_gate3_line_length_loads_from_yaml 
tests/mcp_server/unit/config/test_label_startup.py::TestConfigValidator::test_label_startup_deleted 
[gw0] [  5%] PASSED tests/mcp_server/unit/adapters/test_git_adapter.py::TestGitAdapterMerge::test_merge_nonexistent_branch_raises_error 
tests/mcp_server/unit/integration/test_all_tools.py::TestGitToolsIntegration::test_git_restore_tool_flow 
[gw13] [  5%] SKIPPED tests/mcp_server/unit/config/test_template_config.py::TestGetTemplateRoot::test_resolves_symlinks_in_env_var_path 
tests/mcp_server/unit/adapters/test_github_adapter.py::test_close_issue_error 
tests/mcp_server/unit/config/test_workflow_config.py::TestWorkflowLookup::test_get_workflow_exists 
tests/mcp_server/unit/config/test_template_config.py::TestGetTemplateRoot::test_env_var_takes_priority_over_default 
tests/mcp_server/unit/adapters/test_git_adapter.py::TestGitAdapterDeleteBranch::test_delete_branch 
[gw8] [  5%] PASSED tests/mcp_server/unit/config/test_label_startup.py::TestConfigValidator::test_label_startup_deleted 
tests/mcp_server/unit/config/test_label_startup.py::TestConfigValidator::test_config_validator_exists 
[gw15] [  5%] PASSED tests/mcp_server/unit/core/test_logging.py::test_setup_logging_creates_parent_dir 
[gw8] [  5%] PASSED tests/mcp_server/unit/config/test_label_startup.py::TestConfigValidator::test_config_validator_exists 
[gw9] [  5%] PASSED tests/mcp_server/unit/config/test_loader_behaviors.py::test_load_enforcement_config_allows_missing_file 
tests/mcp_server/unit/config/test_label_startup.py::TestConfigValidator::test_validate_startup_accepts_valid_config 
tests/mcp_server/unit/core/test_mcp_exceptions.py::test_mcp_error_defaults 
[gw5] [  5%] PASSED tests/mcp_server/unit/config/test_issue_config.py::TestIssueConfigGetWorkflow::test_get_workflow_raises_on_unknown_type 
[gw4] [  5%] PASSED tests/mcp_server/unit/config/test_contracts_loader.py::TestLoadContractsConfig::test_loaded_object_passes_model_validator 
tests/mcp_server/unit/config/test_issue_config.py::TestIssueConfigGetLabel::test_get_label_feature 
[gw15] [  5%] PASSED tests/mcp_server/unit/core/test_mcp_exceptions.py::test_mcp_error_defaults 
[gw12] [  5%] PASSED tests/mcp_server/unit/config/test_scaffold_metadata_config.py::TestScaffoldMetadataConfig::test_get_pattern_by_syntax 
[gw0] [  5%] PASSED tests/mcp_server/unit/adapters/test_git_adapter.py::TestGitAdapterDeleteBranch::test_delete_branch 
tests/mcp_server/unit/config/test_loader_behaviors.py::test_load_artifact_registry_rejects_empty_yaml 
[gw6] [  5%] PASSED tests/mcp_server/unit/integration/test_all_tools.py::TestGitToolsIntegration::test_git_restore_tool_flow 
[gw8] [  5%] PASSED tests/mcp_server/unit/config/test_label_startup.py::TestConfigValidator::test_validate_startup_accepts_valid_config 
tests/mcp_server/unit/config/test_scaffold_metadata_config.py::TestScaffoldMetadataConfig::test_get_pattern_not_found_returns_none 
tests/mcp_server/unit/core/test_mcp_exceptions.py::test_validation_error 
tests/mcp_server/unit/config/test_contracts_loader.py::TestLoadContractsConfigErrors::test_missing_file_raises_config_error 
tests/mcp_server/unit/adapters/test_git_adapter.py::TestGitAdapterDeleteBranch::test_delete_current_branch_raises_error 
[gw15] [  5%] PASSED tests/mcp_server/unit/core/test_mcp_exceptions.py::test_validation_error 
tests/mcp_server/unit/integration/test_all_tools.py::TestGitToolsIntegration::test_git_checkout_tool_flow 
[gw3] [  5%] PASSED tests/mcp_server/unit/config/test_artifact_registry_config.py::TestArtifactRegistryConfigMethods::test_list_type_ids_filtered 
tests/mcp_server/unit/config/test_label_startup.py::TestConfigValidator::test_validate_startup_raises_on_unknown_phase_contract_workflow 
tests/mcp_server/unit/core/test_mcp_exceptions.py::test_preflight_error 
[gw13] [  5%] PASSED tests/mcp_server/unit/config/test_template_config.py::TestGetTemplateRoot::test_env_var_takes_priority_over_default 
[gw15] [  5%] PASSED tests/mcp_server/unit/core/test_mcp_exceptions.py::test_preflight_error 
[gw2] [  5%] PASSED tests/mcp_server/unit/adapters/test_github_adapter.py::test_close_issue_error 
[gw7] [  5%] PASSED tests/mcp_server/unit/config/test_label_config.py::TestLabelConfigLoading::test_load_singleton_pattern 
tests/mcp_server/unit/config/test_template_config.py::TestGetTemplateRoot::test_returns_same_path_on_multiple_calls 
tests/mcp_server/unit/core/test_mcp_exceptions.py::test_execution_error 
tests/mcp_server/unit/config/test_artifact_registry_config.py::TestArtifactDefinitionFields::test_parses_all_required_fields 
[gw8] [  5%] PASSED tests/mcp_server/unit/config/test_label_startup.py::TestConfigValidator::test_validate_startup_raises_on_unknown_phase_contract_workflow 
[gw0] [  5%] PASSED tests/mcp_server/unit/adapters/test_git_adapter.py::TestGitAdapterDeleteBranch::test_delete_current_branch_raises_error 
[gw15] [  6%] PASSED tests/mcp_server/unit/core/test_mcp_exceptions.py::test_execution_error 
tests/mcp_server/unit/adapters/test_github_adapter.py::test_list_labels_error 
tests/mcp_server/unit/config/test_label_config.py::TestLabelConfigLoading::test_load_empty_labels_list 
tests/mcp_server/unit/adapters/test_git_adapter.py::TestGitAdapterDeleteBranch::test_delete_nonexistent_branch_raises_error 
tests/mcp_server/unit/core/test_mcp_exceptions.py::test_system_error 
[gw10] [  6%] PASSED tests/mcp_server/unit/integration/test_git.py::test_git_manager_commit_tdd 
tests/mcp_server/unit/config/test_label_startup.py::TestConfigValidator::test_validate_startup_raises_on_unknown_phase_contract_phase 
[gw14] [  6%] PASSED tests/mcp_server/unit/config/test_workflow_config.py::TestWorkflowLookup::test_get_workflow_exists 
[gw4] [  6%] PASSED tests/mcp_server/unit/config/test_contracts_loader.py::TestLoadContractsConfigErrors::test_missing_file_raises_config_error 
tests/mcp_server/unit/integration/test_github.py::test_manager_get_issues 
[gw15] [  6%] PASSED tests/mcp_server/unit/core/test_mcp_exceptions.py::test_system_error 
tests/mcp_server/unit/config/test_workflow_config.py::TestWorkflowLookup::test_get_workflow_unknown 
tests/mcp_server/unit/core/test_note_context_unit.py::test_operation_notes_module_exists 
tests/mcp_server/unit/config/test_contracts_loader.py::TestLoadContractsConfigErrors::test_yaml_parse_error_raises_config_error 
[gw0] [  6%] PASSED tests/mcp_server/unit/adapters/test_git_adapter.py::TestGitAdapterDeleteBranch::test_delete_nonexistent_branch_raises_error 
[gw9] [  6%] PASSED tests/mcp_server/unit/config/test_loader_behaviors.py::test_load_artifact_registry_rejects_empty_yaml 
[gw15] [  6%] PASSED tests/mcp_server/unit/core/test_note_context_unit.py::test_operation_notes_module_exists 
[gw6] [  6%] PASSED tests/mcp_server/unit/integration/test_all_tools.py::TestGitToolsIntegration::test_git_checkout_tool_flow 
[gw13] [  6%] PASSED tests/mcp_server/unit/config/test_template_config.py::TestGetTemplateRoot::test_returns_same_path_on_multiple_calls 
[gw10] [  6%] PASSED tests/mcp_server/unit/integration/test_github.py::test_manager_get_issues 
[gw2] [  6%] PASSED tests/mcp_server/unit/adapters/test_github_adapter.py::test_list_labels_error 
tests/mcp_server/unit/adapters/test_git_adapter.py::TestGitAdapterStash::test_stash_changes 
[gw0] [  6%] PASSED tests/mcp_server/unit/adapters/test_git_adapter.py::TestGitAdapterStash::test_stash_changes 
[gw12] [  6%] PASSED tests/mcp_server/unit/config/test_scaffold_metadata_config.py::TestScaffoldMetadataConfig::test_get_pattern_not_found_returns_none 
tests/mcp_server/unit/integration/test_github.py::test_create_issue_tool 
tests/mcp_server/unit/config/test_loader_behaviors.py::test_load_artifact_registry_rejects_non_mapping_root 
tests/mcp_server/unit/core/test_note_context_unit.py::test_note_context_produce_of_type_insertion_order 
[gw15] [  6%] PASSED tests/mcp_server/unit/core/test_note_context_unit.py::test_note_context_produce_of_type_insertion_order 
tests/mcp_server/unit/core/test_note_context_unit.py::test_render_empty_returns_base_unchanged 
[gw8] [  6%] PASSED tests/mcp_server/unit/config/test_label_startup.py::TestConfigValidator::test_validate_startup_raises_on_unknown_phase_contract_phase 
tests/mcp_server/unit/adapters/test_github_adapter.py::test_create_label_error 
[gw5] [  6%] PASSED tests/mcp_server/unit/config/test_issue_config.py::TestIssueConfigGetLabel::test_get_label_feature 
tests/mcp_server/unit/config/test_issue_config.py::TestIssueConfigGetLabel::test_get_label_bug 
tests/mcp_server/unit/config/test_scaffold_metadata_config.py::TestScaffoldMetadataConfig::test_get_field_by_name 
[gw15] [  6%] PASSED tests/mcp_server/unit/core/test_note_context_unit.py::test_render_empty_returns_base_unchanged 
tests/mcp_server/unit/core/test_note_context_unit.py::test_render_renderable_appends_text_content 
tests/mcp_server/unit/config/test_label_startup.py::TestConfigValidator::test_validate_startup_raises_when_phase_missing_from_workphases 
[gw2] [  6%] PASSED tests/mcp_server/unit/adapters/test_github_adapter.py::test_create_label_error 
tests/mcp_server/unit/config/test_template_config.py::TestGetTemplateRoot::test_error_message_includes_path_when_missing 
[gw13] [  6%] PASSED tests/mcp_server/unit/config/test_template_config.py::TestGetTemplateRoot::test_error_message_includes_path_when_missing 
tests/mcp_server/unit/config/test_text_violations_parsing.py::TestTextViolationsParsingRequired::test_missing_pattern_raises_validation_error 
[gw7] [  6%] PASSED tests/mcp_server/unit/config/test_label_config.py::TestLabelConfigLoading::test_load_empty_labels_list 
tests/mcp_server/unit/adapters/test_git_adapter.py::TestGitAdapterStash::test_stash_changes_include_untracked 
[gw15] [  6%] PASSED tests/mcp_server/unit/core/test_note_context_unit.py::test_render_renderable_appends_text_content 
tests/mcp_server/unit/core/test_note_context_unit.py::test_commit_note_not_renderable 
[gw8] [  6%] PASSED tests/mcp_server/unit/config/test_label_startup.py::TestConfigValidator::test_validate_startup_raises_when_phase_missing_from_workphases 
tests/mcp_server/unit/adapters/test_github_adapter.py::test_delete_label_not_found 
tests/mcp_server/unit/integration/test_all_tools.py::TestGitToolsIntegration::test_git_push_tool_flow 
tests/mcp_server/unit/config/test_label_config.py::TestLabelConfigLoading::test_load_builds_caches 
[gw0] [  7%] PASSED tests/mcp_server/unit/adapters/test_git_adapter.py::TestGitAdapterStash::test_stash_changes_include_untracked 
tests/mcp_server/unit/adapters/test_git_adapter.py::TestGitAdapterStash::test_stash_with_message 
[gw15] [  7%] PASSED tests/mcp_server/unit/core/test_note_context_unit.py::test_commit_note_not_renderable 
tests/mcp_server/unit/config/test_label_startup.py::TestConfigValidator::test_validate_startup_raises_on_unknown_policy_phase 
[gw4] [  7%] PASSED tests/mcp_server/unit/config/test_contracts_loader.py::TestLoadContractsConfigErrors::test_yaml_parse_error_raises_config_error 
[gw6] [  7%] PASSED tests/mcp_server/unit/integration/test_all_tools.py::TestGitToolsIntegration::test_git_push_tool_flow 
tests/mcp_server/unit/integration/test_all_tools.py::TestGitToolsIntegration::test_git_merge_tool_flow 
[gw2] [  7%] PASSED tests/mcp_server/unit/adapters/test_github_adapter.py::test_delete_label_not_found 
[gw11] [  7%] PASSED tests/mcp_server/unit/config/test_quality_config.py::TestArtifactLoggingConfig::test_gate3_line_length_loads_from_yaml 
tests/mcp_server/unit/core/test_pr_status_interfaces.py::TestPRStatusEnum::test_open_member_exists 
[gw13] [  7%] PASSED tests/mcp_server/unit/config/test_text_violations_parsing.py::TestTextViolationsParsingRequired::test_missing_pattern_raises_validation_error 
[gw3] [  7%] PASSED tests/mcp_server/unit/config/test_artifact_registry_config.py::TestArtifactDefinitionFields::test_parses_all_required_fields 
[gw8] [  7%] PASSED tests/mcp_server/unit/config/test_label_startup.py::TestConfigValidator::test_validate_startup_raises_on_unknown_policy_phase 
[gw9] [  7%] PASSED tests/mcp_server/unit/config/test_loader_behaviors.py::test_load_artifact_registry_rejects_non_mapping_root 
[gw14] [  7%] PASSED tests/mcp_server/unit/config/test_workflow_config.py::TestWorkflowLookup::test_get_workflow_unknown 
tests/mcp_server/unit/adapters/test_github_adapter.py::test_delete_label_error 
[gw0] [  7%] PASSED tests/mcp_server/unit/adapters/test_git_adapter.py::TestGitAdapterStash::test_stash_with_message 
tests/mcp_server/unit/adapters/test_git_adapter.py::TestGitAdapterStash::test_stash_with_message_include_untracked 
[gw15] [  7%] PASSED tests/mcp_server/unit/core/test_pr_status_interfaces.py::TestPRStatusEnum::test_open_member_exists 
tests/mcp_server/unit/config/test_text_violations_parsing.py::TestTextViolationsParsingRequired::test_pattern_only_is_valid 
tests/mcp_server/unit/config/test_artifact_registry_config.py::TestArtifactDefinitionFields::test_optional_fields_work 
tests/mcp_server/unit/config/test_label_startup.py::TestConfigValidator::test_validate_startup_raises_on_unknown_project_structure_artifact 
tests/mcp_server/unit/config/test_contracts_loader.py::TestRemovedLoaderMethods::test_inject_terminal_phase_does_not_exist 
[gw4] [  7%] PASSED tests/mcp_server/unit/config/test_contracts_loader.py::TestRemovedLoaderMethods::test_inject_terminal_phase_does_not_exist 
tests/mcp_server/unit/config/test_loader_behaviors.py::test_load_operation_policies_uses_workflow_loader_fallback 
tests/mcp_server/unit/config/test_workflow_config.py::TestWorkflowHelpers::test_has_workflow_returns_true_only_for_defined_workflows 
tests/mcp_server/unit/config/test_quality_config.py::TestArtifactLoggingConfig::test_active_gates_includes_ruff_gates 
[gw6] [  7%] PASSED tests/mcp_server/unit/integration/test_all_tools.py::TestGitToolsIntegration::test_git_merge_tool_flow 
[gw0] [  7%] PASSED tests/mcp_server/unit/adapters/test_git_adapter.py::TestGitAdapterStash::test_stash_with_message_include_untracked 
tests/mcp_server/unit/core/test_pr_status_interfaces.py::TestPRStatusEnum::test_absent_member_exists 
[gw15] [  7%] PASSED tests/mcp_server/unit/core/test_pr_status_interfaces.py::TestPRStatusEnum::test_absent_member_exists 
[gw13] [  7%] PASSED tests/mcp_server/unit/config/test_text_violations_parsing.py::TestTextViolationsParsingRequired::test_pattern_only_is_valid 
tests/mcp_server/unit/config/test_text_violations_parsing.py::TestTextViolationsParsingDefaults::test_severity_default_is_error 
[gw8] [  7%] PASSED tests/mcp_server/unit/config/test_label_startup.py::TestConfigValidator::test_validate_startup_raises_on_unknown_project_structure_artifact 
tests/mcp_server/unit/integration/test_all_tools.py::TestGitToolsIntegration::test_git_delete_branch_tool_flow 
tests/mcp_server/unit/adapters/test_git_adapter.py::TestGitAdapterStash::test_stash_pop 
tests/mcp_server/unit/core/test_pr_status_interfaces.py::TestPRStatusEnum::test_only_two_members 
[gw12] [  7%] PASSED tests/mcp_server/unit/config/test_scaffold_metadata_config.py::TestScaffoldMetadataConfig::test_get_field_by_name 
[gw13] [  7%] PASSED tests/mcp_server/unit/config/test_text_violations_parsing.py::TestTextViolationsParsingDefaults::test_severity_default_is_error 
[gw2] [  7%] PASSED tests/mcp_server/unit/adapters/test_github_adapter.py::test_delete_label_error 
tests/mcp_server/unit/config/test_label_startup.py::TestConfigValidator::test_validate_startup_raises_on_unknown_project_structure_parent 
[gw8] [  8%] PASSED tests/mcp_server/unit/config/test_label_startup.py::TestConfigValidator::test_validate_startup_raises_on_unknown_project_structure_parent 
tests/mcp_server/unit/config/test_contracts_loader.py::TestRemovedLoaderMethods::test_load_phase_contracts_config_does_not_exist 
[gw0] [  8%] PASSED tests/mcp_server/unit/adapters/test_git_adapter.py::TestGitAdapterStash::test_stash_pop 
tests/mcp_server/unit/adapters/test_git_adapter.py::TestGitAdapterStash::test_stash_list 
tests/mcp_server/unit/config/test_scaffold_metadata_config.py::TestScaffoldMetadataConfig::test_get_field_not_found_returns_none 
[gw7] [  8%] PASSED tests/mcp_server/unit/config/test_label_config.py::TestLabelConfigLoading::test_load_builds_caches 
tests/mcp_server/unit/config/test_text_violations_parsing.py::TestTextViolationsParsingDefaults::test_defaults_dict_is_empty_by_default 
[gw13] [  8%] PASSED tests/mcp_server/unit/config/test_text_violations_parsing.py::TestTextViolationsParsingDefaults::test_defaults_dict_is_empty_by_default 
tests/mcp_server/unit/config/test_text_violations_parsing.py::TestTextViolationsParsingDefaults::test_extra_fields_are_forbidden 
[gw13] [  8%] PASSED tests/mcp_server/unit/config/test_text_violations_parsing.py::TestTextViolationsParsingDefaults::test_extra_fields_are_forbidden 
tests/mcp_server/unit/config/test_labelconfig_singleton_bug.py::TestLabelConfigReloadBehavior::test_reloads_after_file_change 
[gw4] [  8%] PASSED tests/mcp_server/unit/config/test_contracts_loader.py::TestRemovedLoaderMethods::test_load_phase_contracts_config_does_not_exist 
tests/mcp_server/unit/config/test_contracts_loader.py::TestContractsConfigRoundtrip::test_feature_workflow_roundtrip 
[gw0] [  8%] PASSED tests/mcp_server/unit/adapters/test_git_adapter.py::TestGitAdapterStash::test_stash_list 
tests/mcp_server/unit/config/test_label_config.py::TestLabelValidation::test_validate_label_name_type_valid 
tests/mcp_server/unit/adapters/test_github_adapter.py::test_remove_labels_error 
[gw5] [  8%] PASSED tests/mcp_server/unit/config/test_issue_config.py::TestIssueConfigGetLabel::test_get_label_bug 
tests/mcp_server/unit/adapters/test_git_adapter.py::TestGitAdapterStash::test_stash_list_empty 
[gw0] [  8%] PASSED tests/mcp_server/unit/adapters/test_git_adapter.py::TestGitAdapterStash::test_stash_list_empty 
[gw15] [  8%] PASSED tests/mcp_server/unit/core/test_pr_status_interfaces.py::TestPRStatusEnum::test_only_two_members 
tests/mcp_server/unit/config/test_issue_config.py::TestIssueConfigGetLabel::test_get_label_hotfix_returns_type_bug 
tests/mcp_server/unit/config/test_text_violations_parsing.py::TestTextViolationsParsingFields::test_severity_default_can_be_set 
[gw13] [  8%] PASSED tests/mcp_server/unit/config/test_text_violations_parsing.py::TestTextViolationsParsingFields::test_severity_default_can_be_set 
[gw14] [  8%] PASSED tests/mcp_server/unit/config/test_workflow_config.py::TestWorkflowHelpers::test_has_workflow_returns_true_only_for_defined_workflows 
tests/mcp_server/unit/core/test_pr_status_interfaces.py::TestIPRStatusReader::test_interface_exists 
[gw15] [  8%] PASSED tests/mcp_server/unit/core/test_pr_status_interfaces.py::TestIPRStatusReader::test_interface_exists 
[gw3] [  8%] PASSED tests/mcp_server/unit/config/test_artifact_registry_config.py::TestArtifactDefinitionFields::test_optional_fields_work 
tests/mcp_server/unit/config/test_artifact_registry_config.py::TestArtifactDefinitionFields::test_optional_fields_default_to_none_or_empty 
tests/mcp_server/unit/config/test_text_violations_parsing.py::TestTextViolationsParsingFields::test_defaults_dict_can_be_set 
[gw13] [  8%] PASSED tests/mcp_server/unit/config/test_text_violations_parsing.py::TestTextViolationsParsingFields::test_defaults_dict_can_be_set 
tests/mcp_server/unit/config/test_workflow_config_c6.py::TestWorkflowTemplateCleanup::test_phases_field_does_not_exist 
tests/mcp_server/unit/core/test_pr_status_interfaces.py::TestIPRStatusReader::test_has_get_pr_status 
[gw15] [  8%] PASSED tests/mcp_server/unit/core/test_pr_status_interfaces.py::TestIPRStatusReader::test_has_get_pr_status 
tests/mcp_server/unit/core/test_pr_status_interfaces.py::TestIPRStatusWriter::test_interface_exists 
tests/mcp_server/unit/adapters/test_git_adapter.py::TestGitAdapterStash::test_stash_error_handling 
[gw9] [  8%] PASSED tests/mcp_server/unit/config/test_loader_behaviors.py::test_load_operation_policies_uses_workflow_loader_fallback 
tests/mcp_server/unit/config/test_text_violations_parsing.py::TestTextViolationsParsingFields::test_mypy_variant_pattern 
[gw2] [  8%] PASSED tests/mcp_server/unit/adapters/test_github_adapter.py::test_remove_labels_error 
[gw0] [  8%] PASSED tests/mcp_server/unit/adapters/test_git_adapter.py::TestGitAdapterStash::test_stash_error_handling 
[gw6] [  8%] PASSED tests/mcp_server/unit/integration/test_all_tools.py::TestGitToolsIntegration::test_git_delete_branch_tool_flow 
tests/mcp_server/unit/adapters/test_github_adapter.py::test_remove_labels_ignore_missing 
[gw12] [  8%] PASSED tests/mcp_server/unit/config/test_scaffold_metadata_config.py::TestScaffoldMetadataConfig::test_get_field_not_found_returns_none 
[gw7] [  8%] PASSED tests/mcp_server/unit/config/test_label_config.py::TestLabelValidation::test_validate_label_name_type_valid 
tests/mcp_server/unit/adapters/test_git_adapter.py::TestGitAdapterCommit::test_commit_stages_all_when_files_none 
[gw15] [  9%] PASSED tests/mcp_server/unit/core/test_pr_status_interfaces.py::TestIPRStatusWriter::test_interface_exists 
[gw2] [  9%] PASSED tests/mcp_server/unit/adapters/test_github_adapter.py::test_remove_labels_ignore_missing 
tests/mcp_server/unit/config/test_loader_behaviors.py::test_load_operation_policies_requires_operations_key 
[gw13] [  9%] PASSED tests/mcp_server/unit/config/test_text_violations_parsing.py::TestTextViolationsParsingFields::test_mypy_variant_pattern 
tests/mcp_server/unit/core/test_pr_status_interfaces.py::TestIPRStatusWriter::test_has_set_pr_status 
tests/mcp_server/unit/integration/test_all_tools.py::TestGitToolsIntegration::test_git_stash_tool_push_flow 
tests/mcp_server/unit/adapters/test_github_adapter.py::test_list_milestones_error 
[gw14] [  9%] PASSED tests/mcp_server/unit/config/test_workflow_config_c6.py::TestWorkflowTemplateCleanup::test_phases_field_does_not_exist 
tests/mcp_server/unit/config/test_scaffold_metadata_config.py::TestScaffoldMetadataConfig::test_invalid_yaml_fails 
tests/mcp_server/unit/config/test_text_violations_parsing.py::TestTextViolationsParsingFields::test_pylint_variant_pattern 
tests/mcp_server/unit/config/test_workflow_config_c6.py::TestWorkflowTemplateCleanup::test_workflow_template_valid_without_phases 
[gw13] [  9%] PASSED tests/mcp_server/unit/config/test_text_violations_parsing.py::TestTextViolationsParsingFields::test_pylint_variant_pattern 
tests/mcp_server/unit/config/test_label_config.py::TestLabelValidation::test_validate_label_name_priority_valid 
[gw0] [  9%] PASSED tests/mcp_server/unit/adapters/test_git_adapter.py::TestGitAdapterCommit::test_commit_stages_all_when_files_none 
[gw5] [  9%] PASSED tests/mcp_server/unit/config/test_issue_config.py::TestIssueConfigGetLabel::test_get_label_hotfix_returns_type_bug 
tests/mcp_server/unit/config/test_text_violations_parsing_defaults_validator.py::TestDefaultsPlaceholderValidation::test_unknown_placeholder_raises_validation_error 
tests/mcp_server/unit/adapters/test_git_adapter.py::TestGitAdapterCommit::test_commit_stages_only_given_files 
[gw15] [  9%] PASSED tests/mcp_server/unit/core/test_pr_status_interfaces.py::TestIPRStatusWriter::test_has_set_pr_status 
[gw4] [  9%] PASSED tests/mcp_server/unit/config/test_contracts_loader.py::TestContractsConfigRoundtrip::test_feature_workflow_roundtrip 
[gw14] [  9%] PASSED tests/mcp_server/unit/config/test_workflow_config_c6.py::TestWorkflowTemplateCleanup::test_workflow_template_valid_without_phases 
tests/mcp_server/unit/config/test_issue_config.py::TestIssueConfigGetLabel::test_get_label_chore 
[gw13] [  9%] PASSED tests/mcp_server/unit/config/test_text_violations_parsing_defaults_validator.py::TestDefaultsPlaceholderValidation::test_unknown_placeholder_raises_validation_error 
tests/mcp_server/unit/core/test_tool_error_handler_c4.py::TestToolErrorHandlerC4::test_validation_error_no_hints_field 
tests/mcp_server/unit/config/test_contracts_loader.py::TestContractsConfigRoundtrip::test_bug_workflow_roundtrip 
[gw6] [  9%] PASSED tests/mcp_server/unit/integration/test_all_tools.py::TestGitToolsIntegration::test_git_stash_tool_push_flow 
tests/mcp_server/unit/config/test_workflow_config_c6.py::TestWorkflowTemplateCleanup::test_workflow_template_rejects_phases_as_extra_field 
[gw0] [  9%] PASSED tests/mcp_server/unit/adapters/test_git_adapter.py::TestGitAdapterCommit::test_commit_stages_only_given_files 
[gw2] [  9%] PASSED tests/mcp_server/unit/adapters/test_github_adapter.py::test_list_milestones_error 
tests/mcp_server/unit/config/test_text_violations_parsing_defaults_validator.py::TestDefaultsPlaceholderValidation::test_known_placeholder_is_valid 
tests/mcp_server/unit/adapters/test_git_adapter.py::TestGitAdapterRestore::test_restore_calls_git_restore_for_files 
tests/mcp_server/unit/integration/test_all_tools.py::TestGitToolsIntegration::test_git_stash_tool_pop_flow 
tests/mcp_server/unit/adapters/test_github_adapter.py::test_create_milestone_error 
[gw12] [  9%] PASSED tests/mcp_server/unit/config/test_scaffold_metadata_config.py::TestScaffoldMetadataConfig::test_invalid_yaml_fails 
[gw3] [  9%] PASSED tests/mcp_server/unit/config/test_artifact_registry_config.py::TestArtifactDefinitionFields::test_optional_fields_default_to_none_or_empty 
[gw14] [  9%] PASSED tests/mcp_server/unit/config/test_workflow_config_c6.py::TestWorkflowTemplateCleanup::test_workflow_template_rejects_phases_as_extra_field 
[gw9] [  9%] PASSED tests/mcp_server/unit/config/test_loader_behaviors.py::test_load_operation_policies_requires_operations_key 
[gw13] [  9%] PASSED tests/mcp_server/unit/config/test_text_violations_parsing_defaults_validator.py::TestDefaultsPlaceholderValidation::test_known_placeholder_is_valid 
[gw7] [  9%] PASSED tests/mcp_server/unit/config/test_label_config.py::TestLabelValidation::test_validate_label_name_priority_valid 
tests/mcp_server/unit/config/test_text_violations_parsing_defaults_validator.py::TestDefaultsPlaceholderValidation::test_multiple_unknown_placeholders_raises 
tests/mcp_server/unit/config/test_workflow_config_c6.py::TestWorkflowConfigCleanup::test_get_first_phase_does_not_exist 
tests/mcp_server/unit/config/test_artifact_registry_config.py::TestStateMachineDefinition::test_state_machine_parsed 
[gw0] [  9%] PASSED tests/mcp_server/unit/adapters/test_git_adapter.py::TestGitAdapterRestore::test_restore_calls_git_restore_for_files 
[gw13] [  9%] PASSED tests/mcp_server/unit/config/test_text_violations_parsing_defaults_validator.py::TestDefaultsPlaceholderValidation::test_multiple_unknown_placeholders_raises 
tests/mcp_server/unit/config/test_scaffold_metadata_config.py::TestScaffoldMetadataConfig::test_missing_file_raises_config_error 
[gw15] [ 10%] PASSED tests/mcp_server/unit/core/test_tool_error_handler_c4.py::TestToolErrorHandlerC4::test_validation_error_no_hints_field 
tests/mcp_server/unit/config/test_label_config.py::TestLabelValidation::test_validate_label_name_status_valid 
tests/mcp_server/unit/adapters/test_git_adapter.py::TestGitAdapterRestore::test_restore_wraps_errors_in_execution_error 
[gw14] [ 10%] PASSED tests/mcp_server/unit/config/test_workflow_config_c6.py::TestWorkflowConfigCleanup::test_get_first_phase_does_not_exist 
tests/mcp_server/unit/config/test_workflow_config_c6.py::TestWorkflowConfigCleanup::test_validate_transition_does_not_exist 
tests/mcp_server/unit/config/test_loader_behaviors.py::test_load_project_structure_uses_registry_loader_fallback 
[gw11] [ 10%] PASSED tests/mcp_server/unit/config/test_quality_config.py::TestArtifactLoggingConfig::test_active_gates_includes_ruff_gates 
[gw2] [ 10%] PASSED tests/mcp_server/unit/adapters/test_github_adapter.py::test_create_milestone_error 
tests/mcp_server/unit/core/test_tool_error_handler_c4.py::TestToolErrorHandlerC4::test_preflight_error_no_blockers_field 
tests/mcp_server/unit/config/test_quality_config.py::TestArtifactLoggingConfig::test_ruff_gates_use_exit_code_strategy 
[gw6] [ 10%] PASSED tests/mcp_server/unit/integration/test_all_tools.py::TestGitToolsIntegration::test_git_stash_tool_pop_flow 
tests/mcp_server/unit/config/test_text_violations_parsing_defaults_validator.py::TestDefaultsPlaceholderValidation::test_static_value_without_braces_is_always_valid 
[gw13] [ 10%] PASSED tests/mcp_server/unit/config/test_text_violations_parsing_defaults_validator.py::TestDefaultsPlaceholderValidation::test_static_value_without_braces_is_always_valid 
[gw0] [ 10%] PASSED tests/mcp_server/unit/adapters/test_git_adapter.py::TestGitAdapterRestore::test_restore_wraps_errors_in_execution_error 
[gw14] [ 10%] PASSED tests/mcp_server/unit/config/test_workflow_config_c6.py::TestWorkflowConfigCleanup::test_validate_transition_does_not_exist 
tests/mcp_server/unit/adapters/test_github_adapter.py::test_close_milestone_not_found 
tests/mcp_server/unit/adapters/test_git_adapter.py::TestGitAdapterCreateBranch::test_create_branch_requires_explicit_base 
tests/mcp_server/unit/config/test_workflow_config_c6.py::TestWorkflowConfigCleanup::test_has_workflow_still_exists 
tests/mcp_server/unit/integration/test_all_tools.py::TestGitToolsIntegration::test_git_stash_tool_list_flow 
tests/mcp_server/unit/config/test_text_violations_parsing_defaults_validator.py::TestDefaultsPlaceholderValidation::test_mixed_valid_and_invalid_placeholder_raises 
[gw14] [ 10%] PASSED tests/mcp_server/unit/config/test_workflow_config_c6.py::TestWorkflowConfigCleanup::test_has_workflow_still_exists 
tests/mcp_server/unit/config/test_workflow_config_c6.py::TestWorkflowConfigCleanup::test_get_workflow_still_exists_and_returns_metadata 
[gw13] [ 10%] PASSED tests/mcp_server/unit/config/test_text_violations_parsing_defaults_validator.py::TestDefaultsPlaceholderValidation::test_mixed_valid_and_invalid_placeholder_raises 
tests/mcp_server/unit/config/test_text_violations_parsing_defaults_validator.py::TestDefaultsPlaceholderValidation::test_no_defaults_is_always_valid 
[gw0] [ 10%] PASSED tests/mcp_server/unit/adapters/test_git_adapter.py::TestGitAdapterCreateBranch::test_create_branch_requires_explicit_base 
[gw15] [ 10%] PASSED tests/mcp_server/unit/core/test_tool_error_handler_c4.py::TestToolErrorHandlerC4::test_preflight_error_no_blockers_field 
[gw14] [ 10%] PASSED tests/mcp_server/unit/config/test_workflow_config_c6.py::TestWorkflowConfigCleanup::test_get_workflow_still_exists_and_returns_metadata 
[gw2] [ 10%] PASSED tests/mcp_server/unit/adapters/test_github_adapter.py::test_close_milestone_not_found 
[gw12] [ 10%] PASSED tests/mcp_server/unit/config/test_scaffold_metadata_config.py::TestScaffoldMetadataConfig::test_missing_file_raises_config_error 
tests/mcp_server/unit/adapters/test_git_adapter.py::TestGitAdapterCreateBranch::test_create_branch_with_head 
tests/mcp_server/unit/config/test_workflow_config_c6.py::TestValidatorInversion::test_phase_in_contracts_missing_from_workphases_raises_config_error 
tests/mcp_server/unit/adapters/test_github_adapter.py::test_close_milestone_error 
tests/mcp_server/unit/config/test_scaffold_metadata_config.py::TestScaffoldMetadataConfig::test_missing_required_fields_fails 
[gw13] [ 10%] PASSED tests/mcp_server/unit/config/test_text_violations_parsing_defaults_validator.py::TestDefaultsPlaceholderValidation::test_no_defaults_is_always_valid 
tests/mcp_server/unit/core/test_tool_error_handler_c4.py::TestToolErrorHandlerC4::test_execution_error_no_recovery_field 
[gw6] [ 10%] PASSED tests/mcp_server/unit/integration/test_all_tools.py::TestGitToolsIntegration::test_git_stash_tool_list_flow 
tests/mcp_server/unit/config/test_validator_c3.py::TestConfigValidatorC3::test_validate_merge_policy_phase_raises_for_unknown_phase 
[gw7] [ 10%] PASSED tests/mcp_server/unit/config/test_label_config.py::TestLabelValidation::test_validate_label_name_status_valid 
[gw5] [ 10%] PASSED tests/mcp_server/unit/config/test_issue_config.py::TestIssueConfigGetLabel::test_get_label_chore 
[gw14] [ 10%] PASSED tests/mcp_server/unit/config/test_workflow_config_c6.py::TestValidatorInversion::test_phase_in_contracts_missing_from_workphases_raises_config_error 
[gw8] [ 10%] PASSED tests/mcp_server/unit/config/test_labelconfig_singleton_bug.py::TestLabelConfigReloadBehavior::test_reloads_after_file_change 
tests/mcp_server/unit/config/test_workflow_config_c6.py::TestValidatorInversion::test_all_phases_present_in_workphases_passes 
[gw13] [ 10%] PASSED tests/mcp_server/unit/config/test_validator_c3.py::TestConfigValidatorC3::test_validate_merge_policy_phase_raises_for_unknown_phase 
tests/mcp_server/unit/integration/test_all_tools.py::TestQualityToolsIntegration::test_run_quality_gates_tool_flow 
[gw3] [ 11%] PASSED tests/mcp_server/unit/config/test_artifact_registry_config.py::TestStateMachineDefinition::test_state_machine_parsed 
tests/mcp_server/unit/config/test_label_config.py::TestLabelValidation::test_validate_label_name_phase_valid 
tests/mcp_server/unit/config/test_issue_config.py::TestIssueConfigGetLabel::test_get_label_epic 
[gw0] [ 11%] PASSED tests/mcp_server/unit/adapters/test_git_adapter.py::TestGitAdapterCreateBranch::test_create_branch_with_head 
tests/mcp_server/unit/config/test_labelconfig_singleton_bug.py::TestLabelConfigReloadBehavior::test_reloads_label_patterns 
[gw15] [ 11%] PASSED tests/mcp_server/unit/core/test_tool_error_handler_c4.py::TestToolErrorHandlerC4::test_execution_error_no_recovery_field 
[gw14] [ 11%] PASSED tests/mcp_server/unit/config/test_workflow_config_c6.py::TestValidatorInversion::test_all_phases_present_in_workphases_passes 
tests/mcp_server/unit/adapters/test_git_adapter.py::TestGitAdapterCreateBranch::test_create_branch_with_branch_name 
[gw2] [ 11%] PASSED tests/mcp_server/unit/adapters/test_github_adapter.py::test_close_milestone_error 
tests/mcp_server/unit/config/test_validator_c3.py::TestConfigValidatorC3::test_validate_merge_policy_phase_ok_for_known_phase 
[gw4] [ 11%] PASSED tests/mcp_server/unit/config/test_contracts_loader.py::TestContractsConfigRoundtrip::test_bug_workflow_roundtrip 
tests/mcp_server/unit/config/test_artifact_registry_config.py::TestStateMachineDefinition::test_state_transitions_parsed 
tests/mcp_server/unit/config/test_workphases_schema.py::TestPhaseDefinitionTerminalField::test_terminal_defaults_to_false 
tests/mcp_server/unit/managers/test_auto_scope_resolution.py::TestAutoScopeHappyPath::test_auto_scope_excludes_non_py_files_from_diff 
[gw0] [ 11%] PASSED tests/mcp_server/unit/adapters/test_git_adapter.py::TestGitAdapterCreateBranch::test_create_branch_with_branch_name 
tests/mcp_server/unit/adapters/test_github_adapter.py::test_merge_pr_not_found 
[gw6] [ 11%] PASSED tests/mcp_server/unit/integration/test_all_tools.py::TestQualityToolsIntegration::test_run_quality_gates_tool_flow 
[gw14] [ 11%] PASSED tests/mcp_server/unit/config/test_workphases_schema.py::TestPhaseDefinitionTerminalField::test_terminal_defaults_to_false 
[gw13] [ 11%] PASSED tests/mcp_server/unit/config/test_validator_c3.py::TestConfigValidatorC3::test_validate_merge_policy_phase_ok_for_known_phase 
tests/mcp_server/unit/adapters/test_git_adapter.py::TestGitAdapterCreateBranch::test_create_branch_with_commit_hash 
tests/mcp_server/unit/config/test_contracts_loader.py::TestContractsConfigRoundtrip::test_hotfix_workflow_roundtrip 
tests/mcp_server/unit/config/test_workphases_schema.py::TestPhaseDefinitionTerminalField::test_terminal_can_be_set_true 
tests/mcp_server/unit/config/test_validator_c3.py::TestConfigValidatorC3::test_validate_startup_raises_for_invalid_merge_policy_phase 
tests/mcp_server/unit/integration/test_all_tools.py::TestQualityToolsIntegration::test_validation_tool_flow 
[gw14] [ 11%] PASSED tests/mcp_server/unit/config/test_workphases_schema.py::TestPhaseDefinitionTerminalField::test_terminal_can_be_set_true 
tests/mcp_server/unit/config/test_workphases_schema.py::TestPhaseDefinitionTerminalField::test_terminal_field_is_bool 
[gw13] [ 11%] PASSED tests/mcp_server/unit/config/test_validator_c3.py::TestConfigValidatorC3::test_validate_startup_raises_for_invalid_merge_policy_phase 
[gw14] [ 11%] PASSED tests/mcp_server/unit/config/test_workphases_schema.py::TestPhaseDefinitionTerminalField::test_terminal_field_is_bool 
tests/mcp_server/unit/config/test_violation_dto.py::TestViolationDTOCreation::test_required_fields_only 
tests/mcp_server/unit/config/test_workphases_schema.py::TestWorkphasesConfigValidator::test_valid_single_terminal_phase_passes 
[gw2] [ 11%] PASSED tests/mcp_server/unit/adapters/test_github_adapter.py::test_merge_pr_not_found 
[gw0] [ 11%] PASSED tests/mcp_server/unit/adapters/test_git_adapter.py::TestGitAdapterCreateBranch::test_create_branch_with_commit_hash 
[gw13] [ 11%] PASSED tests/mcp_server/unit/config/test_violation_dto.py::TestViolationDTOCreation::test_required_fields_only 
[gw6] [ 11%] PASSED tests/mcp_server/unit/integration/test_all_tools.py::TestQualityToolsIntegration::test_validation_tool_flow 
tests/mcp_server/unit/adapters/test_git_adapter.py::TestGitAdapterCreateBranch::test_create_branch_already_exists_raises_error 
[gw14] [ 11%] PASSED tests/mcp_server/unit/config/test_workphases_schema.py::TestWorkphasesConfigValidator::test_valid_single_terminal_phase_passes 
[gw7] [ 11%] PASSED tests/mcp_server/unit/config/test_label_config.py::TestLabelValidation::test_validate_label_name_phase_valid 
tests/mcp_server/unit/adapters/test_github_adapter.py::test_merge_pr_error 
tests/mcp_server/unit/config/test_violation_dto.py::TestViolationDTOCreation::test_all_fields_explicit 
tests/mcp_server/unit/config/test_workphases_schema.py::TestWorkphasesConfigValidator::test_no_terminal_phase_raises 
tests/mcp_server/unit/integration/test_all_tools.py::TestQualityToolsIntegration::test_validate_dto_tool_flow 
[gw14] [ 11%] PASSED tests/mcp_server/unit/config/test_workphases_schema.py::TestWorkphasesConfigValidator::test_no_terminal_phase_raises 
tests/mcp_server/unit/config/test_label_config.py::TestLabelValidation::test_validate_label_name_scope_valid 
[gw13] [ 11%] PASSED tests/mcp_server/unit/config/test_violation_dto.py::TestViolationDTOCreation::test_all_fields_explicit 
[gw5] [ 11%] PASSED tests/mcp_server/unit/config/test_issue_config.py::TestIssueConfigGetLabel::test_get_label_epic 
tests/mcp_server/unit/config/test_workphases_schema.py::TestWorkphasesConfigValidator::test_two_terminal_phases_raises 
[gw0] [ 12%] PASSED tests/mcp_server/unit/adapters/test_git_adapter.py::TestGitAdapterCreateBranch::test_create_branch_already_exists_raises_error 
[gw12] [ 12%] PASSED tests/mcp_server/unit/config/test_scaffold_metadata_config.py::TestScaffoldMetadataConfig::test_missing_required_fields_fails 
[gw14] [ 12%] PASSED tests/mcp_server/unit/config/test_workphases_schema.py::TestWorkphasesConfigValidator::test_two_terminal_phases_raises 
tests/mcp_server/unit/adapters/test_git_adapter.py::TestGitAdapterCreateBranch::test_create_branch_logs_operation 
tests/mcp_server/unit/config/test_violation_dto.py::TestViolationDTODefaults::test_line_defaults_to_none 
tests/mcp_server/unit/config/test_issue_config.py::TestIssueConfigGetLabel::test_get_label_raises_on_unknown_type 
tests/mcp_server/unit/config/test_scaffold_metadata_config.py::TestScaffoldMetadataConfig::test_empty_patterns_list_fails 
[gw2] [ 12%] PASSED tests/mcp_server/unit/adapters/test_github_adapter.py::test_merge_pr_error 
tests/mcp_server/unit/config/test_workphases_schema.py::TestWorkphasesConfigValidator::test_empty_phases_raises 
[gw13] [ 12%] PASSED tests/mcp_server/unit/config/test_violation_dto.py::TestViolationDTODefaults::test_line_defaults_to_none 
tests/mcp_server/unit/config/test_artifact_definition_no_version.py::TestArtifactDefinitionNoVersion::test_artifact_definition_has_no_version_field 
tests/mcp_server/unit/config/test_violation_dto.py::TestViolationDTODefaults::test_col_defaults_to_none 
[gw6] [ 12%] PASSED tests/mcp_server/unit/integration/test_all_tools.py::TestQualityToolsIntegration::test_validate_dto_tool_flow 
[gw14] [ 12%] PASSED tests/mcp_server/unit/config/test_workphases_schema.py::TestWorkphasesConfigValidator::test_empty_phases_raises 
[gw2] [ 12%] PASSED tests/mcp_server/unit/config/test_artifact_definition_no_version.py::TestArtifactDefinitionNoVersion::test_artifact_definition_has_no_version_field 
[gw13] [ 12%] PASSED tests/mcp_server/unit/config/test_violation_dto.py::TestViolationDTODefaults::test_col_defaults_to_none 
tests/mcp_server/unit/config/test_workphases_schema.py::TestWorkphasesConfigGetTerminalPhase::test_returns_terminal_phase_name 
tests/mcp_server/unit/integration/test_all_tools.py::TestDevelopmentToolsIntegration::test_health_check_tool_flow 
[gw3] [ 12%] PASSED tests/mcp_server/unit/config/test_artifact_registry_config.py::TestStateMachineDefinition::test_state_transitions_parsed 
tests/mcp_server/unit/config/test_violation_dto.py::TestViolationDTODefaults::test_rule_defaults_to_none 
tests/mcp_server/unit/config/test_artifact_definition_no_version.py::TestArtifactDefinitionNoVersion::test_artifact_yaml_without_version_is_valid 
[gw2] [ 12%] PASSED tests/mcp_server/unit/config/test_artifact_definition_no_version.py::TestArtifactDefinitionNoVersion::test_artifact_yaml_without_version_is_valid 
[gw11] [ 12%] PASSED tests/mcp_server/unit/config/test_quality_config.py::TestArtifactLoggingConfig::test_ruff_gates_use_exit_code_strategy 
tests/mcp_server/unit/config/test_artifacts_type_field_cycle1.py::TestArtifactsTypeField::test_all_artifacts_have_type_field 
[gw14] [ 12%] PASSED tests/mcp_server/unit/config/test_workphases_schema.py::TestWorkphasesConfigGetTerminalPhase::test_returns_terminal_phase_name 
tests/mcp_server/unit/config/test_workphases_schema.py::TestWorkphasesConfigGetTerminalPhase::test_returns_correct_name_when_phase_is_first 
[gw0] [ 12%] PASSED tests/mcp_server/unit/adapters/test_git_adapter.py::TestGitAdapterCreateBranch::test_create_branch_logs_operation 
tests/mcp_server/unit/config/test_quality_config.py::TestActiveGatesContract::test_gate5_tests_not_in_active_gates 
tests/mcp_server/unit/config/test_artifact_definition_no_version.py::TestArtifactManagerNoVersionContext::test_scaffold_context_has_no_template_version 
[gw13] [ 12%] PASSED tests/mcp_server/unit/config/test_violation_dto.py::TestViolationDTODefaults::test_rule_defaults_to_none 
tests/mcp_server/unit/adapters/test_git_adapter.py::TestGitAdapterHardResetAndForcePush::test_hard_reset_calls_git_reset_hard_with_ref 
[gw2] [ 12%] PASSED tests/mcp_server/unit/config/test_artifact_definition_no_version.py::TestArtifactManagerNoVersionContext::test_scaffold_context_has_no_template_version 
[gw14] [ 12%] PASSED tests/mcp_server/unit/config/test_workphases_schema.py::TestWorkphasesConfigGetTerminalPhase::test_returns_correct_name_when_phase_is_first 
[gw6] [ 12%] PASSED tests/mcp_server/unit/integration/test_all_tools.py::TestDevelopmentToolsIntegration::test_health_check_tool_flow 
[gw0] [ 12%] PASSED tests/mcp_server/unit/adapters/test_git_adapter.py::TestGitAdapterHardResetAndForcePush::test_hard_reset_calls_git_reset_hard_with_ref 
tests/mcp_server/unit/config/test_artifact_registry_config.py::TestArtifactRegistryConfigLoading::test_loads_from_file 
tests/mcp_server/unit/core/test_error_handling.py::TestToolErrorHandler::test_value_error_returns_error_result 
[gw7] [ 12%] PASSED tests/mcp_server/unit/config/test_label_config.py::TestLabelValidation::test_validate_label_name_scope_valid 
tests/mcp_server/unit/integration/test_all_tools.py::TestDevelopmentToolsIntegration::test_create_file_tool_flow 
tests/mcp_server/unit/config/test_label_config.py::TestLabelValidation::test_validate_label_name_component_valid 
[gw9] [ 12%] PASSED tests/mcp_server/unit/config/test_loader_behaviors.py::test_load_project_structure_uses_registry_loader_fallback 
[gw4] [ 12%] PASSED tests/mcp_server/unit/config/test_contracts_loader.py::TestContractsConfigRoundtrip::test_hotfix_workflow_roundtrip 
tests/mcp_server/unit/config/test_loader_behaviors.py::test_load_project_structure_requires_directories_key 
[gw12] [ 13%] PASSED tests/mcp_server/unit/config/test_scaffold_metadata_config.py::TestScaffoldMetadataConfig::test_empty_patterns_list_fails 
[gw5] [ 13%] PASSED tests/mcp_server/unit/config/test_issue_config.py::TestIssueConfigGetLabel::test_get_label_raises_on_unknown_type 
tests/mcp_server/unit/config/test_json_violations_parsing.py::TestJsonViolationsParsingRequired::test_field_map_only 
tests/mcp_server/unit/config/test_scope_config.py::TestScopeConfigFromFile::test_from_file_loads_scopes 
tests/mcp_server/unit/config/test_contracts_loader.py::TestContractsConfigRoundtrip::test_refactor_workflow_roundtrip 
[gw5] [ 13%] PASSED tests/mcp_server/unit/config/test_json_violations_parsing.py::TestJsonViolationsParsingRequired::test_field_map_only 
[gw8] [ 13%] PASSED tests/mcp_server/unit/config/test_labelconfig_singleton_bug.py::TestLabelConfigReloadBehavior::test_reloads_label_patterns 
[gw14] [ 13%] PASSED tests/mcp_server/unit/core/test_error_handling.py::TestToolErrorHandler::test_value_error_returns_error_result 
tests/mcp_server/unit/config/test_json_violations_parsing.py::TestJsonViolationsParsingRequired::test_field_map_missing_raises 
tests/mcp_server/unit/config/test_labelconfig_singleton_bug.py::TestLabelConfigReloadBehavior::test_consecutive_loads_of_unchanged_file_are_equivalent 
[gw6] [ 13%] PASSED tests/mcp_server/unit/integration/test_all_tools.py::TestDevelopmentToolsIntegration::test_create_file_tool_flow 
[gw5] [ 13%] PASSED tests/mcp_server/unit/config/test_json_violations_parsing.py::TestJsonViolationsParsingRequired::test_field_map_missing_raises 
tests/mcp_server/unit/core/test_error_handling.py::TestToolErrorHandler::test_file_not_found_returns_error_result 
tests/mcp_server/unit/config/test_json_violations_parsing.py::TestJsonViolationsParsingDefaults::test_violations_path_defaults_to_none 
tests/mcp_server/unit/adapters/test_git_adapter.py::TestGitAdapterHardResetAndForcePush::test_hard_reset_calls_git_reset_hard_with_parent 
tests/mcp_server/unit/integration/test_all_tools.py::TestGitHubToolsIntegration::test_create_issue_tool_flow 
[gw5] [ 13%] PASSED tests/mcp_server/unit/config/test_json_violations_parsing.py::TestJsonViolationsParsingDefaults::test_violations_path_defaults_to_none 
[gw9] [ 13%] PASSED tests/mcp_server/unit/config/test_loader_behaviors.py::test_load_project_structure_requires_directories_key 
tests/mcp_server/unit/config/test_json_violations_parsing.py::TestJsonViolationsParsingDefaults::test_line_offset_defaults_to_zero 
[gw12] [ 13%] PASSED tests/mcp_server/unit/config/test_scope_config.py::TestScopeConfigFromFile::test_from_file_loads_scopes 
[gw7] [ 13%] PASSED tests/mcp_server/unit/config/test_label_config.py::TestLabelValidation::test_validate_label_name_component_valid 
[gw2] [ 13%] PASSED tests/mcp_server/unit/config/test_artifact_registry_config.py::TestArtifactRegistryConfigLoading::test_loads_from_file 
tests/mcp_server/unit/config/test_loader_behaviors.py::test_load_project_structure_rejects_unknown_artifact_type 
[gw0] [ 13%] PASSED tests/mcp_server/unit/adapters/test_git_adapter.py::TestGitAdapterHardResetAndForcePush::test_hard_reset_calls_git_reset_hard_with_parent 
tests/mcp_server/unit/config/test_scope_config.py::TestScopeConfigFromFile::test_from_file_raises_on_missing_file 
tests/mcp_server/unit/config/test_label_config.py::TestLabelValidation::test_validate_label_name_effort_valid 
[gw14] [ 13%] PASSED tests/mcp_server/unit/core/test_error_handling.py::TestToolErrorHandler::test_file_not_found_returns_error_result 
[gw5] [ 13%] PASSED tests/mcp_server/unit/config/test_json_violations_parsing.py::TestJsonViolationsParsingDefaults::test_line_offset_defaults_to_zero 
tests/mcp_server/unit/config/test_artifact_registry_config.py::TestArtifactRegistryConfigLoading::test_repeated_loads_are_equivalent 
tests/mcp_server/unit/core/test_error_handling.py::TestToolErrorHandler::test_generic_exception_returns_error_result 
[gw12] [ 13%] PASSED tests/mcp_server/unit/config/test_scope_config.py::TestScopeConfigFromFile::test_from_file_raises_on_missing_file 
tests/mcp_server/unit/managers/test_compact_payload_builder.py::TestBuildCompactResultSchema::test_failed_gate_carries_violations 
tests/mcp_server/unit/config/test_json_violations_parsing.py::TestJsonViolationsParsingDefaults::test_fixable_when_defaults_to_none 
tests/mcp_server/unit/config/test_scope_config.py::TestScopeConfigFromFile::test_repeated_loads_are_equivalent 
[gw5] [ 13%] PASSED tests/mcp_server/unit/config/test_json_violations_parsing.py::TestJsonViolationsParsingDefaults::test_fixable_when_defaults_to_none 
tests/mcp_server/unit/config/test_json_violations_parsing.py::TestJsonViolationsParsingRuffVariant::test_ruff_schema 
[gw15] [ 13%] PASSED tests/mcp_server/unit/managers/test_auto_scope_resolution.py::TestAutoScopeHappyPath::test_auto_scope_excludes_non_py_files_from_diff 
[gw8] [ 13%] PASSED tests/mcp_server/unit/config/test_labelconfig_singleton_bug.py::TestLabelConfigReloadBehavior::test_consecutive_loads_of_unchanged_file_are_equivalent 
[gw5] [ 13%] PASSED tests/mcp_server/unit/config/test_json_violations_parsing.py::TestJsonViolationsParsingRuffVariant::test_ruff_schema 
tests/mcp_server/unit/managers/test_auto_scope_resolution.py::TestAutoScopeEdgeCases::test_auto_scope_no_baseline_sha_falls_back_to_project_scope 
[gw4] [ 13%] PASSED tests/mcp_server/unit/config/test_contracts_loader.py::TestContractsConfigRoundtrip::test_refactor_workflow_roundtrip 
tests/mcp_server/unit/config/test_json_violations_parsing.py::TestJsonViolationsParsingPyrightVariant::test_pyright_schema 
tests/mcp_server/unit/config/test_labelconfig_singleton_bug.py::TestLabelConfigReloadBehavior::test_different_config_paths_remain_independent 
[gw14] [ 13%] PASSED tests/mcp_server/unit/core/test_error_handling.py::TestToolErrorHandler::test_generic_exception_returns_error_result 
[gw5] [ 13%] PASSED tests/mcp_server/unit/config/test_json_violations_parsing.py::TestJsonViolationsParsingPyrightVariant::test_pyright_schema 
tests/mcp_server/unit/config/test_contracts_loader.py::TestContractsConfigRoundtrip::test_docs_workflow_roundtrip 
tests/mcp_server/unit/config/test_label_config.py::TestLabelCreation::test_label_creation_valid 
[gw11] [ 14%] PASSED tests/mcp_server/unit/config/test_quality_config.py::TestActiveGatesContract::test_gate5_tests_not_in_active_gates 
tests/mcp_server/unit/core/test_error_handling.py::TestToolErrorHandler::test_successful_execution_passthrough 
tests/mcp_server/unit/config/test_quality_config.py::TestActiveGatesContract::test_gate6_coverage_not_in_active_gates 
[gw7] [ 14%] PASSED tests/mcp_server/unit/config/test_label_config.py::TestLabelValidation::test_validate_label_name_effort_valid 
tests/mcp_server/unit/config/test_label_config.py::TestLabelValidation::test_validate_label_name_parent_valid 
[gw5] [ 14%] PASSED tests/mcp_server/unit/config/test_label_config.py::TestLabelCreation::test_label_creation_valid 
[gw2] [ 14%] PASSED tests/mcp_server/unit/config/test_artifact_registry_config.py::TestArtifactRegistryConfigLoading::test_repeated_loads_are_equivalent 
[gw14] [ 14%] PASSED tests/mcp_server/unit/core/test_error_handling.py::TestToolErrorHandler::test_successful_execution_passthrough 
tests/mcp_server/unit/config/test_artifact_registry_config.py::TestArtifactRegistryConfigLoading::test_repeated_loads_return_fresh_objects 
tests/mcp_server/unit/config/test_label_config.py::TestLabelCreation::test_label_creation_with_description 
tests/mcp_server/unit/core/test_error_handling.py::TestToolErrorHandler::test_preserves_function_metadata 
[gw12] [ 14%] PASSED tests/mcp_server/unit/config/test_scope_config.py::TestScopeConfigFromFile::test_repeated_loads_are_equivalent 
tests/mcp_server/unit/config/test_scope_config.py::TestScopeConfigHasScope::test_has_scope_returns_true_for_known_scope 
[gw5] [ 14%] PASSED tests/mcp_server/unit/config/test_label_config.py::TestLabelCreation::test_label_creation_with_description 
[gw14] [ 14%] PASSED tests/mcp_server/unit/core/test_error_handling.py::TestToolErrorHandler::test_preserves_function_metadata 
[gw9] [ 14%] PASSED tests/mcp_server/unit/config/test_loader_behaviors.py::test_load_project_structure_rejects_unknown_artifact_type 
tests/mcp_server/unit/config/test_label_config.py::TestLabelCreation::test_label_creation_lowercase_color 
[...]
tests/mcp_server/unit/tools/test_discovery_tools.py::TestGetWorkContextTool::test_get_context_extracts_issue_number 
[gw14] [ 97%] PASSED tests/mcp_server/unit/tools/test_discovery_tools.py::TestGetWorkContextTool::test_get_context_extracts_issue_number 
tests/mcp_server/unit/tools/test_discovery_tools.py::TestGetWorkContextTool::test_get_context_extracts_issue_number_alternate_format 
[gw14] [ 97%] PASSED tests/mcp_server/unit/tools/test_discovery_tools.py::TestGetWorkContextTool::test_get_context_extracts_issue_number_alternate_format 
tests/mcp_server/unit/tools/test_discovery_tools.py::TestGetWorkContextTool::test_get_context_detects_workflow_phase_from_commit_scope 
[gw14] [ 97%] PASSED tests/mcp_server/unit/tools/test_discovery_tools.py::TestGetWorkContextTool::test_get_context_detects_workflow_phase_from_commit_scope 
tests/mcp_server/unit/tools/test_discovery_tools.py::TestGetWorkContextTool::test_detect_workflow_phase_variations 
[gw14] [ 97%] PASSED tests/mcp_server/unit/tools/test_discovery_tools.py::TestGetWorkContextTool::test_detect_workflow_phase_variations 
tests/mcp_server/unit/tools/test_discovery_tools.py::TestGetWorkContextTool::test_get_context_with_github_integration 
[gw14] [ 97%] PASSED tests/mcp_server/unit/tools/test_discovery_tools.py::TestGetWorkContextTool::test_get_context_with_github_integration 
tests/mcp_server/unit/tools/test_discovery_tools.py::TestGetWorkContextTool::test_get_context_github_success 
[gw14] [ 98%] PASSED tests/mcp_server/unit/tools/test_discovery_tools.py::TestGetWorkContextTool::test_get_context_github_success 
tests/mcp_server/unit/tools/test_discovery_tools.py::TestGetWorkContextTool::test_get_context_shows_error_message_when_phase_unknown 
[gw14] [ 98%] PASSED tests/mcp_server/unit/tools/test_discovery_tools.py::TestGetWorkContextTool::test_get_context_shows_error_message_when_phase_unknown 
tests/mcp_server/unit/tools/test_discovery_tools.py::TestGetWorkContextTddCycleInfo::test_tdd_cycle_info_shown_during_tdd_phase 
tests/mcp_server/unit/tools/test_git_checkout_async.py::TestGitCheckoutAsync::test_checkout_uses_anyio_to_thread 
[gw15] [ 98%] PASSED tests/mcp_server/unit/tools/test_git_checkout_async.py::TestGitCheckoutAsync::test_checkout_uses_anyio_to_thread 
tests/mcp_server/unit/tools/test_git_checkout_async.py::TestGitCheckoutAsync::test_placeholder_for_pylint 
[gw15] [ 98%] PASSED tests/mcp_server/unit/tools/test_git_checkout_async.py::TestGitCheckoutAsync::test_placeholder_for_pylint 
tests/mcp_server/unit/tools/test_git_checkout_state_sync.py::TestGitCheckoutStateSync::test_checkout_syncs_state_and_returns_phase 
[gw15] [ 98%] PASSED tests/mcp_server/unit/tools/test_git_checkout_state_sync.py::TestGitCheckoutStateSync::test_checkout_syncs_state_and_returns_phase 
[gw12] [ 98%] PASSED tests/mcp_server/unit/tools/test_cycle_tools_legacy.py::TestForceCycleAuditSchema::test_force_audit_entry_has_skipped_cycles 
[gw1] [ 98%] PASSED tests/mcp_server/unit/adapters/test_git_adapter_neutralize_to_base.py::TestNeutralizeToBasePresentPath::test_present_path_reset_to_base_version_in_worktree 
tests/mcp_server/unit/adapters/test_git_adapter_neutralize_to_base.py::TestNeutralizeToBasePresentPath::test_model1_invariant_present_path 
[gw14] [ 98%] PASSED tests/mcp_server/unit/tools/test_discovery_tools.py::TestGetWorkContextTddCycleInfo::test_tdd_cycle_info_shown_during_tdd_phase 
tests/mcp_server/unit/tools/test_discovery_tools.py::TestGetWorkContextTddCycleInfo::test_tdd_cycle_info_hidden_outside_tdd_phase 
tests/mcp_server/unit/tools/test_cycle_tools_legacy.py::TestTransitionCycleHistory::test_normal_transition_writes_history_entry 
[gw2] [ 98%] FAILED tests/mcp_server/integration/test_workflow_cycle_e2e.py::test_full_workflow_cycle_with_scope_detection 
[gw14] [ 98%] PASSED tests/mcp_server/unit/tools/test_discovery_tools.py::TestGetWorkContextTddCycleInfo::test_tdd_cycle_info_hidden_outside_tdd_phase 
tests/mcp_server/unit/tools/test_discovery_tools.py::TestGetWorkContextTddCycleInfo::test_tdd_cycle_info_graceful_degradation 
[gw1] [ 98%] PASSED tests/mcp_server/unit/adapters/test_git_adapter_neutralize_to_base.py::TestNeutralizeToBasePresentPath::test_model1_invariant_present_path 
tests/mcp_server/unit/adapters/test_git_adapter_neutralize_to_base.py::TestNeutralizeToBaseErrorHandling::test_invalid_base_raises_execution_error 
[gw14] [ 98%] PASSED tests/mcp_server/unit/tools/test_discovery_tools.py::TestGetWorkContextTddCycleInfo::test_tdd_cycle_info_graceful_degradation 
tests/mcp_server/unit/tools/test_discovery_tools.py::TestTddCycleInfoStatusField::test_tdd_cycle_info_includes_status_field 
[gw1] [ 98%] PASSED tests/mcp_server/unit/adapters/test_git_adapter_neutralize_to_base.py::TestNeutralizeToBaseErrorHandling::test_invalid_base_raises_execution_error 
tests/mcp_server/unit/adapters/test_git_adapter_skip_paths.py::TestGitAdapterSkipPathsIntegration::test_skip_paths_zero_delta_files_none_route 
[gw14] [ 98%] PASSED tests/mcp_server/unit/tools/test_discovery_tools.py::TestTddCycleInfoStatusField::test_tdd_cycle_info_includes_status_field 
[gw1] [ 98%] PASSED tests/mcp_server/unit/adapters/test_git_adapter_skip_paths.py::TestGitAdapterSkipPathsIntegration::test_skip_paths_zero_delta_files_none_route 
tests/mcp_server/unit/adapters/test_git_adapter_skip_paths.py::TestGitAdapterSkipPathsIntegration::test_skip_paths_zero_delta_explicit_files_route 
[gw1] [ 98%] PASSED tests/mcp_server/unit/adapters/test_git_adapter_skip_paths.py::TestGitAdapterSkipPathsIntegration::test_skip_paths_zero_delta_explicit_files_route 
tests/mcp_server/unit/adapters/test_github_adapter.py::test_init_no_token 
[gw1] [ 98%] PASSED tests/mcp_server/unit/adapters/test_github_adapter.py::test_init_no_token 
tests/mcp_server/unit/adapters/test_github_adapter.py::test_repo_property 
[gw1] [ 98%] PASSED tests/mcp_server/unit/adapters/test_github_adapter.py::test_repo_property 
tests/mcp_server/unit/adapters/test_github_adapter.py::test_repo_property_error 
[gw1] [ 98%] PASSED tests/mcp_server/unit/adapters/test_github_adapter.py::test_repo_property_error 
tests/mcp_server/unit/adapters/test_github_adapter.py::test_get_issue 
[gw1] [ 98%] PASSED tests/mcp_server/unit/adapters/test_github_adapter.py::test_get_issue 
tests/mcp_server/unit/adapters/test_github_adapter.py::test_get_issue_not_found 
[gw1] [ 98%] PASSED tests/mcp_server/unit/adapters/test_github_adapter.py::test_get_issue_not_found 
tests/mcp_server/unit/adapters/test_github_adapter.py::test_create_issue 
[gw1] [ 98%] PASSED tests/mcp_server/unit/adapters/test_github_adapter.py::test_create_issue 
tests/mcp_server/unit/adapters/test_github_adapter.py::test_update_issue 
[gw1] [ 99%] PASSED tests/mcp_server/unit/adapters/test_github_adapter.py::test_update_issue 
tests/mcp_server/unit/adapters/test_github_adapter.py::test_list_issues 
[gw1] [ 99%] PASSED tests/mcp_server/unit/adapters/test_github_adapter.py::test_list_issues 
tests/mcp_server/unit/adapters/test_github_adapter.py::test_create_pr 
[gw1] [ 99%] PASSED tests/mcp_server/unit/adapters/test_github_adapter.py::test_create_pr 
tests/mcp_server/unit/adapters/test_github_adapter.py::test_create_label 
[gw1] [ 99%] PASSED tests/mcp_server/unit/adapters/test_github_adapter.py::test_create_label 
tests/mcp_server/unit/adapters/test_github_adapter.py::test_create_label_exists 
[gw1] [ 99%] PASSED tests/mcp_server/unit/adapters/test_github_adapter.py::test_create_label_exists 
tests/mcp_server/unit/adapters/test_github_adapter.py::test_create_milestone 
[gw1] [ 99%] PASSED tests/mcp_server/unit/adapters/test_github_adapter.py::test_create_milestone 
tests/mcp_server/unit/adapters/test_github_adapter.py::test_create_milestone_invalid_date 
[gw1] [ 99%] PASSED tests/mcp_server/unit/adapters/test_github_adapter.py::test_create_milestone_invalid_date 
tests/mcp_server/unit/adapters/test_github_adapter.py::test_merge_pr_success 
[gw1] [ 99%] PASSED tests/mcp_server/unit/adapters/test_github_adapter.py::test_merge_pr_success 
tests/mcp_server/unit/adapters/test_github_adapter.py::test_merge_pr_failed 
[gw1] [ 99%] PASSED tests/mcp_server/unit/adapters/test_github_adapter.py::test_merge_pr_failed 
tests/mcp_server/unit/adapters/test_github_adapter.py::test_close_issue 
[gw1] [ 99%] PASSED tests/mcp_server/unit/adapters/test_github_adapter.py::test_close_issue 
tests/mcp_server/unit/adapters/test_github_adapter.py::test_list_labels 
[gw1] [ 99%] PASSED tests/mcp_server/unit/adapters/test_github_adapter.py::test_list_labels 
tests/mcp_server/unit/adapters/test_github_adapter.py::test_delete_label 
[gw1] [ 99%] PASSED tests/mcp_server/unit/adapters/test_github_adapter.py::test_delete_label 
tests/mcp_server/unit/adapters/test_github_adapter.py::test_remove_labels 
[gw1] [ 99%] PASSED tests/mcp_server/unit/adapters/test_github_adapter.py::test_remove_labels 
tests/mcp_server/unit/adapters/test_github_adapter.py::test_list_milestones 
[gw1] [ 99%] PASSED tests/mcp_server/unit/adapters/test_github_adapter.py::test_list_milestones 
tests/mcp_server/unit/adapters/test_github_adapter.py::test_close_milestone 
[gw1] [ 99%] PASSED tests/mcp_server/unit/adapters/test_github_adapter.py::test_close_milestone 
tests/mcp_server/unit/adapters/test_github_adapter.py::test_list_prs 
[gw1] [ 99%] PASSED tests/mcp_server/unit/adapters/test_github_adapter.py::test_list_prs 
[gw12] [ 99%] PASSED tests/mcp_server/unit/tools/test_cycle_tools_legacy.py::TestTransitionCycleHistory::test_normal_transition_writes_history_entry 
tests/mcp_server/unit/tools/test_cycle_tools_legacy.py::TestTransitionCycleHistory::test_multiple_transitions_accumulate_history 
[gw12] [ 99%] PASSED tests/mcp_server/unit/tools/test_cycle_tools_legacy.py::TestTransitionCycleHistory::test_multiple_transitions_accumulate_history 
tests/mcp_server/unit/tools/test_cycle_tools_legacy.py::TestTransitionCycleExitCriteria::test_transition_blocked_when_current_cycle_has_empty_exit_criteria 
[gw12] [ 99%] PASSED tests/mcp_server/unit/tools/test_cycle_tools_legacy.py::TestTransitionCycleExitCriteria::test_transition_blocked_when_current_cycle_has_empty_exit_criteria 
tests/mcp_server/unit/tools/test_cycle_tools_legacy.py::TestTransitionCycleExitCriteria::test_transition_blocked_when_current_cycle_missing_exit_criteria 
[gw12] [ 99%] PASSED tests/mcp_server/unit/tools/test_cycle_tools_legacy.py::TestTransitionCycleExitCriteria::test_transition_blocked_when_current_cycle_missing_exit_criteria 
tests/mcp_server/unit/tools/test_cycle_tools_legacy.py::TestTransitionCycleExitCriteria::test_transition_succeeds_when_exit_criteria_present 
[gw12] [ 99%] PASSED tests/mcp_server/unit/tools/test_cycle_tools_legacy.py::TestTransitionCycleExitCriteria::test_transition_succeeds_when_exit_criteria_present 
tests/mcp_server/unit/tools/test_dev_tools.py::test_run_tests_tool 
[gw12] [ 99%] PASSED tests/mcp_server/unit/tools/test_dev_tools.py::test_run_tests_tool 
tests/mcp_server/unit/tools/test_dev_tools.py::test_create_file_tool 
[gw12] [100%] PASSED tests/mcp_server/unit/tools/test_dev_tools.py::test_create_file_tool 

================================== FAILURES ===================================
________________ test_full_workflow_cycle_with_scope_detection ________________
[gw2] win32 -- Python 3.13.13 D:\dev\SimpleTraderV3\.venv\Scripts\python.exe

git_repo = WindowsPath('C:/Users/miche/AppData/Local/Temp/pytest-of-miche/pytest-353/popen-gw2/test_full_workflow_cycle_with_0')

    def test_full_workflow_cycle_with_scope_detection(git_repo: Path) -> None:
        """Test complete workflow cycle with commit-scope encoding and detection.
    
        Cycle 3.6: End-to-end test validating:
        1. Workflow initialization (issue #999, feature workflow)
        2. Phase transitions through complete cycle
        3. Commit-scope encoding at each phase
        4. ScopeDecoder detection at each phase
        5. Implementation subcycle (red -> green -> refactor)
        """
        # GIVEN: Initialized project with feature workflow
        pm = make_project_manager(git_repo)
        pm.initialize_project(
            issue_number=999,
            issue_title="End-to-end workflow test",
            workflow_name="feature",
        )
    
        # Create feature branch
        subprocess.run(
            ["git", "checkout", "-b", "feature/999-e2e-test"],
            cwd=git_repo,
            check=True,
            capture_output=True,
        )
    
        # Initialize PhaseStateEngine
        state_engine = make_phase_state_engine(git_repo, project_manager=pm)
        state_engine.initialize_branch(
            branch="feature/999-e2e-test",
            issue_number=999,
            initial_phase="research",
            parent_branch="main",
        )
    
        # Initialize GitManager with tmp_path and ScopeDecoder
        git_adapter = GitAdapter(repo_path=str(git_repo))
        git_config = ConfigLoader(git_repo / ".st3" / "config").load_git_config(
            config_path=git_repo / ".st3" / "config" / "git.yaml"
        )
        _workphases_config = ConfigLoader(git_repo / ".st3" / "config").load_workphases_config(
            config_path=git_repo / ".st3" / "config" / "workphases.yaml"
        )
        git_manager = GitManager(
            git_config=git_config,
            adapter=git_adapter,
            workphases_config=_workphases_config,
        )
        decoder = ScopeDecoder(_workphases_config)
    
        # Phase 1: RESEARCH
        test_file = git_repo / "test.txt"
        test_file.write_text("research phase\n")
        commit_hash = git_manager.commit_with_scope(
            workflow_phase="research",
            message="complete research",
            note_context=NoteContext(),
            files=[str(test_file)],
        )
        assert commit_hash is not None
    
        # Validate commit scope detection
        commits = git_manager.get_recent_commits(limit=1)
        result = decoder.detect_phase(commit_message=commits[0], fallback_to_state=False)
        assert result["workflow_phase"] == "research"
        assert result["source"] == "commit-scope"
    
        # Transition to PLANNING
>       state_engine.transition(branch="feature/999-e2e-test", to_phase="planning")

tests\mcp_server\integration\test_workflow_cycle_e2e.py:213: 
_ _ _ _ _ _ _ _ _ _ _ _ _ _ _ _ _ _ _ _ _ _ _ _ _ _ _ _ _ _ _ _ _ _ _ _ _ _ _ _

self = <mcp_server.managers.phase_state_engine.PhaseStateEngine object at 0x00000168EED51010>
branch = 'feature/999-e2e-test', to_phase = 'planning', human_approval = None

    def transition(
        self, branch: str, to_phase: str, human_approval: str | None = None
    ) -> dict[str, Any]:
        """Execute strict sequential phase transition."""
        state = self._load_state_or_reconstruct(branch)
        from_phase = state.current_phase
        workflow_name = state.workflow_name
    
>       self._contracts_config.validate_transition(workflow_name, from_phase, to_phase)

mcp_server\managers\phase_state_engine.py:168: 
_ _ _ _ _ _ _ _ _ _ _ _ _ _ _ _ _ _ _ _ _ _ _ _ _ _ _ _ _ _ _ _ _ _ _ _ _ _ _ _

self = ContractsConfig(merge_policy=MergePolicy(pr_allowed_phase='ready', branch_local_artifacts=[BranchLocalArtifact(path='....eEntry(subphases=[], commit_type_map={}, cycle_based=False, exit_requires=[], cycle_exit_requires={}, name='ready')])})
workflow_name = 'feature', current_phase = 'research', target_phase = 'planning'

    def validate_transition(
        self,
        workflow_name: str,
        current_phase: str,
        target_phase: str,
    ) -> bool:
        """Validate sequential phase transition.
    
        Returns True on valid transition. Raises ValueError with descriptive
        message matching the current WorkflowConfig error contract on failure.
        """
        workflow = self._get_workflow(workflow_name)
        names = workflow.get_phase_names()
        if current_phase not in names:
            raise ValueError(
                f"Current phase '{current_phase}' not in workflow '{workflow_name}'\n"
                f"Valid phases: {names}"
            )
        if target_phase not in names:
            raise ValueError(
                f"Target phase '{target_phase}' not in workflow '{workflow_name}'\n"
                f"Valid phases: {names}"
            )
        current_idx = names.index(current_phase)
        target_idx = names.index(target_phase)
        if target_idx != current_idx + 1:
            next_phase = names[current_idx + 1] if current_idx + 1 < len(names) else None
>           raise ValueError(
                f"Invalid transition: {current_phase} \u2192 {target_phase}\\n"
                f"Expected next phase: {next_phase}\n"
                f"Workflow: {names}\n"
                "Hint: Use force_phase_transition tool for non-sequential transitions"
            )
E           ValueError: Invalid transition: research \u2192 planning
E           Expected next phase: design
E           Workflow: ['research', 'design', 'planning', 'implementation', 'validation', 'documentation', 'ready']
E           Hint: Use force_phase_transition tool for non-sequential transitions

mcp_server\config\schemas\contracts_config.py:169: ValueError
============================== warnings summary ===============================
tests/mcp_server/unit/integration/test_all_tools.py::TestDevelopmentToolsIntegration::test_create_file_tool_flow
tests/mcp_server/unit/tools/test_code_tools.py::test_create_file_tool_success
tests/mcp_server/unit/tools/test_code_tools.py::test_create_file_tool_security_error
tests/mcp_server/unit/tools/test_dev_tools.py::test_create_file_security_check
tests/mcp_server/unit/tools/test_dev_tools.py::test_create_file_tool
  D:\dev\SimpleTraderV3\mcp_server\core\error_handling.py:37: DeprecationWarning: create_file is deprecated. Use scaffold_artifact instead.
    result: T = await func(*args, **kwargs)

tests/mcp_server/unit/managers/test_github_manager.py::TestGitHubManager::test_init_default
tests/mcp_server/unit/test_server.py::TestServerToolRegistration::test_call_tool_pre_enforcement_blocks_submit_pr_outside_ready_phase
  D:\dev\SimpleTraderV3\mcp_server\adapters\github_adapter.py:45: DeprecationWarning: Argument login_or_token is deprecated, please use auth=github.Auth.Token(...) instead
    self.client = Github(github_settings.token)  # pylint: disable=no-member

tests/mcp_server/unit/tools/test_initialize_project_tool.py: 11 warnings
  D:\dev\SimpleTraderV3\mcp_server\tools\project_tools.py:177: DeprecationWarning: The `cancellable=` keyword argument to `anyio.to_thread.run_sync` is deprecated since AnyIO 4.1.0; use `abandon_on_cancel=` instead
    return await anyio.to_thread.run_sync(

tests/mcp_server/integration/test_qa.py::test_switching_active_gates_changes_execution
  tests\mcp_server\integration\test_qa.py:72: PytestWarning: The test <Function test_switching_active_gates_changes_execution> is marked with '@pytest.mark.asyncio' but it is not an async function. Please remove the asyncio mark. If the test is not marked explicitly, check for global marks applied via 'pytestmark'.
    def test_switching_active_gates_changes_execution(tmp_path: Path) -> None:

tests/mcp_server/integration/test_qa.py::test_qa_manager_run_gates_with_real_file
  tests\mcp_server\integration\test_qa.py:33: PytestWarning: The test <Function test_qa_manager_run_gates_with_real_file> is marked with '@pytest.mark.asyncio' but it is not an async function. Please remove the asyncio mark. If the test is not marked explicitly, check for global marks applied via 'pytestmark'.
    def test_qa_manager_run_gates_with_real_file() -> None:

-- Docs: https://docs.pytest.org/en/stable/how-to/capture-warnings.html
=========================== short test summary info ===========================
FAILED tests/mcp_server/integration/test_workflow_cycle_e2e.py::test_full_workflow_cycle_with_scope_detection
===== 1 failed, 2198 passed, 10 skipped, 6 xfailed, 20 warnings in 39.50s =====
